Copyright 1986-2016 Xilinx, Inc. All Rights Reserved.
----------------------------------------------------------------------------------------------------------------------------------------------------------------------
| Tool Version     : Vivado v.2016.4 (win64) Build 1756540 Mon Jan 23 19:11:23 MST 2017
| Date             : Wed May 23 14:48:17 2018
| Host             : COJTHW109 running 64-bit Service Pack 1  (build 7601)
| Command          : report_power -file design_1_wrapper_power_routed.rpt -pb design_1_wrapper_power_summary_routed.pb -rpx design_1_wrapper_power_routed.rpx
| Design           : design_1_wrapper
| Device           : xc7z020clg484-1
| Design State     : routed
| Grade            : commercial
| Process          : typical
| Characterization : Production
----------------------------------------------------------------------------------------------------------------------------------------------------------------------

Power Report

Table of Contents
-----------------
1. Summary
1.1 On-Chip Components
1.2 Power Supply Summary
1.3 Confidence Level
2. Settings
2.1 Environment
2.2 Clock Constraints
3. Detailed Reports
3.1 By Hierarchy

1. Summary
----------

+--------------------------+-------+
| Total On-Chip Power (W)  | 1.858 |
| Dynamic (W)              | 1.699 |
| Device Static (W)        | 0.159 |
| Effective TJA (C/W)      | 11.5  |
| Max Ambient (C)          | 63.6  |
| Junction Temperature (C) | 46.4  |
| Confidence Level         | Low   |
| Setting File             | ---   |
| Simulation Activity File | ---   |
| Design Nets Matched      | NA    |
+--------------------------+-------+


1.1 On-Chip Components
----------------------

+-------------------------+-----------+----------+-----------+-----------------+
| On-Chip                 | Power (W) | Used     | Available | Utilization (%) |
+-------------------------+-----------+----------+-----------+-----------------+
| Clocks                  |     0.008 |        8 |       --- |             --- |
| Slice Logic             |     0.003 |     3334 |       --- |             --- |
|   LUT as Logic          |     0.003 |     1301 |     53200 |            2.45 |
|   CARRY4                |    <0.001 |      106 |     13300 |            0.80 |
|   Register              |    <0.001 |     1253 |    106400 |            1.18 |
|   LUT as Shift Register |    <0.001 |       73 |     17400 |            0.42 |
|   F7/F8 Muxes           |    <0.001 |        5 |     53200 |           <0.01 |
|   Others                |     0.000 |      241 |       --- |             --- |
| Signals                 |     0.003 |     2268 |       --- |             --- |
| MMCM                    |     0.116 |        1 |         4 |           25.00 |
| I/O                     |     0.004 |       19 |       200 |            9.50 |
| PS7                     |     1.565 |        1 |       --- |             --- |
| Static Power            |     0.159 |          |           |                 |
| Total                   |     1.858 |          |           |                 |
+-------------------------+-----------+----------+-----------+-----------------+


1.2 Power Supply Summary
------------------------

+-----------+-------------+-----------+-------------+------------+
| Source    | Voltage (V) | Total (A) | Dynamic (A) | Static (A) |
+-----------+-------------+-----------+-------------+------------+
| Vccint    |       1.000 |     0.031 |       0.015 |      0.016 |
| Vccaux    |       1.800 |     0.085 |       0.064 |      0.021 |
| Vcco33    |       3.300 |     0.000 |       0.000 |      0.000 |
| Vcco25    |       2.500 |     0.002 |       0.001 |      0.001 |
| Vcco18    |       1.800 |     0.001 |       0.000 |      0.001 |
| Vcco15    |       1.500 |     0.001 |       0.000 |      0.001 |
| Vcco135   |       1.350 |     0.000 |       0.000 |      0.000 |
| Vcco12    |       1.200 |     0.000 |       0.000 |      0.000 |
| Vccaux_io |       1.800 |     0.000 |       0.000 |      0.000 |
| Vccbram   |       1.000 |     0.001 |       0.000 |      0.001 |
| MGTAVcc   |       1.000 |     0.000 |       0.000 |      0.000 |
| MGTAVtt   |       1.200 |     0.000 |       0.000 |      0.000 |
| MGTVccaux |       1.800 |     0.000 |       0.000 |      0.000 |
| Vccpint   |       1.000 |     0.751 |       0.718 |      0.032 |
| Vccpaux   |       1.800 |     0.084 |       0.074 |      0.010 |
| Vccpll    |       1.800 |     0.017 |       0.014 |      0.003 |
| Vcco_ddr  |       1.500 |     0.459 |       0.457 |      0.002 |
| Vcco_mio0 |       1.800 |     0.003 |       0.002 |      0.001 |
| Vcco_mio1 |       1.800 |     0.002 |       0.001 |      0.001 |
| Vccadc    |       1.800 |     0.020 |       0.000 |      0.020 |
+-----------+-------------+-----------+-------------+------------+


1.3 Confidence Level
--------------------

+-----------------------------+------------+--------------------------------------------------------+------------------------------------------------------------------------------------------------------------+
| User Input Data             | Confidence | Details                                                | Action                                                                                                     |
+-----------------------------+------------+--------------------------------------------------------+------------------------------------------------------------------------------------------------------------+
| Design implementation state | High       | Design is routed                                       |                                                                                                            |
| Clock nodes activity        | High       | User specified more than 95% of clocks                 |                                                                                                            |
| I/O nodes activity          | Low        | More than 75% of inputs are missing user specification | Provide missing input activity with simulation results or by editing the "By Resource Type -> I/Os" view   |
| Internal nodes activity     | Medium     | User specified less than 25% of internal nodes         | Provide missing internal nodes activity with simulation results or by editing the "By Resource Type" views |
| Device models               | High       | Device models are Production                           |                                                                                                            |
|                             |            |                                                        |                                                                                                            |
| Overall confidence level    | Low        |                                                        |                                                                                                            |
+-----------------------------+------------+--------------------------------------------------------+------------------------------------------------------------------------------------------------------------+


2. Settings
-----------

2.1 Environment
---------------

+-----------------------+------------------------+
| Ambient Temp (C)      | 25.0                   |
| ThetaJA (C/W)         | 11.5                   |
| Airflow (LFM)         | 250                    |
| Heat Sink             | none                   |
| ThetaSA (C/W)         | 0.0                    |
| Board Selection       | medium (10"x10")       |
| # of Board Layers     | 8to11 (8 to 11 Layers) |
| Board Temperature (C) | 25.0                   |
+-----------------------+------------------------+


2.2 Clock Constraints
---------------------

+--------------+-------------------------------------------------------------+-----------------+
| Clock        | Domain                                                      | Constraint (ns) |
+--------------+-------------------------------------------------------------+-----------------+
| ACLK         | design_1_i/processing_system7_0/inst/FCLK_CLK0              |             8.0 |
| clk0_bufgin  | design_1_i/dispsub_0/inst/dclkgen/top_mmcme2/clk0_bufgin    |            40.0 |
| clk1_bufgin  | design_1_i/dispsub_0/inst/dclkgen/top_mmcme2/clk1_bufgin    |            40.0 |
| clk_fpga_0   | design_1_i/processing_system7_0/inst/FCLK_CLK_unbuffered[0] |             8.0 |
| clk_fpga_1   | design_1_i/processing_system7_0/inst/FCLK_CLK_unbuffered[1] |            25.0 |
| clkfb_bufgin | design_1_i/dispsub_0/inst/dclkgen/top_mmcme2/clkfb_bufgin   |            25.0 |
+--------------+-------------------------------------------------------------+-----------------+


3. Detailed Reports
-------------------

3.1 By Hierarchy
----------------

+--------------------------------------------------+-----------+
| Name                                             | Power (W) |
+--------------------------------------------------+-----------+
| design_1_wrapper                                 |     1.699 |
|   design_1_i                                     |     1.695 |
|     axi_gpio_0                                   |    <0.001 |
|       U0                                         |    <0.001 |
|         AXI_LITE_IPIF_I                          |    <0.001 |
|           I_SLAVE_ATTACHMENT                     |    <0.001 |
|             I_DECODER                            |    <0.001 |
|         gpio_core_1                              |    <0.001 |
|     axi_iic_0                                    |     0.003 |
|       U0                                         |     0.003 |
|         X_IIC                                    |     0.003 |
|           DYN_MASTER_I                           |    <0.001 |
|           FILTER_I                               |    <0.001 |
|             SCL_DEBOUNCE                         |    <0.001 |
|               INPUT_DOUBLE_REGS                  |    <0.001 |
|             SDA_DEBOUNCE                         |    <0.001 |
|               INPUT_DOUBLE_REGS                  |    <0.001 |
|           IIC_CONTROL_I                          |     0.001 |
|             BITCNT                               |    <0.001 |
|             CLKCNT                               |    <0.001 |
|             I2CDATA_REG                          |    <0.001 |
|             I2CHEADER_REG                        |    <0.001 |
|             SETUP_CNT                            |    <0.001 |
|           READ_FIFO_I                            |    <0.001 |
|           REG_INTERFACE_I                        |    <0.001 |
|           WRITE_FIFO_CTRL_I                      |    <0.001 |
|           WRITE_FIFO_I                           |    <0.001 |
|           X_AXI_IPIF_SSP1                        |    <0.001 |
|             AXI_LITE_IPIF_I                      |    <0.001 |
|               I_SLAVE_ATTACHMENT                 |    <0.001 |
|                 I_DECODER                        |    <0.001 |
|             X_INTERRUPT_CONTROL                  |    <0.001 |
|             X_SOFT_RESET                         |    <0.001 |
|     dispsub_0                                    |     0.117 |
|       inst                                       |     0.117 |
|         dclkgen                                  |     0.117 |
|           top_mmcme2                             |     0.117 |
|             mmcme2_drp_inst                      |    <0.001 |
|     patgen_0                                     |     0.002 |
|       inst                                       |     0.002 |
|         syncgen                                  |    <0.001 |
|     processing_system7_0                         |     1.566 |
|       inst                                       |     1.566 |
|     ps7_0_axi_periph                             |     0.006 |
|       s00_couplers                               |     0.005 |
|         auto_pc                                  |     0.005 |
|           inst                                   |     0.005 |
|             gen_axilite.gen_b2s_conv.axilite_b2s |     0.005 |
|               RD.ar_channel_0                    |    <0.001 |
|                 ar_cmd_fsm_0                     |    <0.001 |
|                 cmd_translator_0                 |    <0.001 |
|                   incr_cmd_0                     |    <0.001 |
|                   wrap_cmd_0                     |    <0.001 |
|               RD.r_channel_0                     |     0.001 |
|                 rd_data_fifo_0                   |    <0.001 |
|                 transaction_fifo_0               |    <0.001 |
|               SI_REG                             |     0.002 |
|                 ar_pipe                          |    <0.001 |
|                 aw_pipe                          |    <0.001 |
|                 b_pipe                           |    <0.001 |
|                 r_pipe                           |    <0.001 |
|               WR.aw_channel_0                    |    <0.001 |
|                 aw_cmd_fsm_0                     |    <0.001 |
|                 cmd_translator_0                 |    <0.001 |
|                   incr_cmd_0                     |    <0.001 |
|                   wrap_cmd_0                     |    <0.001 |
|               WR.b_channel_0                     |    <0.001 |
|                 bid_fifo_0                       |    <0.001 |
|                 bresp_fifo_0                     |    <0.001 |
|       xbar                                       |    <0.001 |
|         inst                                     |    <0.001 |
|           gen_sasd.crossbar_sasd_0               |    <0.001 |
|             addr_arbiter_inst                    |    <0.001 |
|             gen_decerr.decerr_slave_inst         |    <0.001 |
|             reg_slice_r                          |    <0.001 |
|             splitter_ar                          |    <0.001 |
|             splitter_aw                          |    <0.001 |
|     rst_ps7_0_125M                               |    <0.001 |
|       U0                                         |    <0.001 |
|         EXT_LPF                                  |    <0.001 |
|           ACTIVE_LOW_EXT.ACT_LO_EXT              |    <0.001 |
|         SEQ                                      |    <0.001 |
|           SEQ_COUNTER                            |    <0.001 |
|     util_reduced_logic_0                         |     0.000 |
|   dvi_scl_iobuf                                  |     0.000 |
|   dvi_sda_iobuf                                  |     0.000 |
+--------------------------------------------------+-----------+


