16:29:07 INFO  : Registering command handlers for SDK TCF services
16:29:08 INFO  : Launching XSCT server: xsct.bat -interactive C:\cojt\blink\cojt_blink.sdk\temp_xsdb_launch_script.tcl
16:29:11 INFO  : XSCT server has started successfully.
16:29:11 INFO  : Successfully done setting XSCT server connection channel  
16:29:13 INFO  : Successfully done setting SDK workspace  
16:29:13 INFO  : Processing command line option -hwspec C:/cojt/blink/cojt_blink.sdk/design_1_wrapper.hdf.
16:37:01 INFO  : Connected to target on host '127.0.0.1' and port '3121'.
16:37:02 INFO  : 'targets -set -filter {jtag_cable_name =~ "Platform Cable USB II 00001292870001" && level==0} -index 1' command is executed.
16:37:13 INFO  : FPGA configured successfully with bitstream "C:/cojt/blink/cojt_blink.sdk/design_1_wrapper_hw_platform_0/design_1_wrapper.bit"
16:38:41 INFO  : 'targets -set -filter {jtag_cable_name =~ "Platform Cable USB II 00001292870001" && level==0} -index 1' command is executed.
16:38:41 INFO  : 'fpga -state' command is executed.
16:38:41 INFO  : Connected to target on host '127.0.0.1' and port '3121'.
16:38:42 INFO  : Jtag cable 'Platform Cable USB II 00001292870001' is selected.
16:38:42 INFO  : 'jtag frequency' command is executed.
16:38:42 INFO  : Sourcing of 'C:/cojt/blink/cojt_blink.sdk/design_1_wrapper_hw_platform_0/ps7_init.tcl' is done.
16:38:42 INFO  : Context for 'APU' is selected.
16:38:42 INFO  : Hardware design information is loaded from 'C:/cojt/blink/cojt_blink.sdk/design_1_wrapper_hw_platform_0/system.hdf'.
16:38:42 INFO  : Context for 'APU' is selected.
16:38:42 INFO  : 'stop' command is executed.
16:38:43 INFO  : 'ps7_init' command is executed.
16:38:43 INFO  : 'ps7_post_config' command is executed.
16:38:43 INFO  : Context for processor 'ps7_cortexa9_0' is selected.
16:38:43 INFO  : Processor reset is completed for 'ps7_cortexa9_0'.
16:38:43 INFO  : Context for processor 'ps7_cortexa9_0' is selected.
16:38:44 INFO  : The application 'C:/cojt/blink/cojt_blink.sdk/hello/Debug/hello.elf' is downloaded to processor 'ps7_cortexa9_0'.
16:38:44 INFO  : ----------------XSDB Script----------------
connect -url tcp:127.0.0.1:3121
source C:/cojt/blink/cojt_blink.sdk/design_1_wrapper_hw_platform_0/ps7_init.tcl
targets -set -nocase -filter {name =~"APU*" && jtag_cable_name =~ "Platform Cable USB II 00001292870001"} -index 0
loadhw C:/cojt/blink/cojt_blink.sdk/design_1_wrapper_hw_platform_0/system.hdf
targets -set -nocase -filter {name =~"APU*" && jtag_cable_name =~ "Platform Cable USB II 00001292870001"} -index 0
stop
ps7_init
ps7_post_config
targets -set -nocase -filter {name =~ "ARM*#0" && jtag_cable_name =~ "Platform Cable USB II 00001292870001"} -index 0
rst -processor
targets -set -nocase -filter {name =~ "ARM*#0" && jtag_cable_name =~ "Platform Cable USB II 00001292870001"} -index 0
dow C:/cojt/blink/cojt_blink.sdk/hello/Debug/hello.elf
----------------End of Script----------------

16:38:44 INFO  : Memory regions updated for context APU
16:38:44 INFO  : Context for processor 'ps7_cortexa9_0' is selected.
16:38:44 INFO  : 'con' command is executed.
16:38:44 INFO  : ----------------XSDB Script (After Launch)----------------
targets -set -nocase -filter {name =~ "ARM*#0" && jtag_cable_name =~ "Platform Cable USB II 00001292870001"} -index 0
con
----------------End of Script----------------

16:38:44 INFO  : Launch script is exported to file 'C:\cojt\blink\cojt_blink.sdk\.sdk\launch_scripts\xilinx_c-c++_application_(system_debugger)\system_debugger_using_debug_hello.elf_on_local.tcl'
16:42:26 INFO  : Disconnected from the channel tcfchan#1.
16:43:07 INFO  : Connected to target on host '127.0.0.1' and port '3121'.
16:43:07 INFO  : 'targets -set -filter {jtag_cable_name =~ "Platform Cable USB II 00001292870001" && level==0} -index 1' command is executed.
16:43:19 INFO  : FPGA configured successfully with bitstream "C:/cojt/blink/cojt_blink.sdk/design_1_wrapper_hw_platform_0/design_1_wrapper.bit"
16:44:37 INFO  : 'targets -set -filter {jtag_cable_name =~ "Platform Cable USB II 00001292870001" && level==0} -index 1' command is executed.
16:44:37 INFO  : 'fpga -state' command is executed.
16:44:37 INFO  : Connected to target on host '127.0.0.1' and port '3121'.
16:44:37 INFO  : Jtag cable 'Platform Cable USB II 00001292870001' is selected.
16:44:37 INFO  : 'jtag frequency' command is executed.
16:44:37 INFO  : Sourcing of 'C:/cojt/blink/cojt_blink.sdk/design_1_wrapper_hw_platform_0/ps7_init.tcl' is done.
16:44:38 INFO  : Context for 'APU' is selected.
16:44:38 INFO  : Hardware design information is loaded from 'C:/cojt/blink/cojt_blink.sdk/design_1_wrapper_hw_platform_0/system.hdf'.
16:44:38 INFO  : Context for 'APU' is selected.
16:44:38 INFO  : 'stop' command is executed.
16:44:39 INFO  : 'ps7_init' command is executed.
16:44:39 INFO  : 'ps7_post_config' command is executed.
16:44:39 INFO  : Context for processor 'ps7_cortexa9_0' is selected.
16:44:39 INFO  : Processor reset is completed for 'ps7_cortexa9_0'.
16:44:39 INFO  : Context for processor 'ps7_cortexa9_0' is selected.
16:44:40 INFO  : The application 'C:/cojt/blink/cojt_blink.sdk/hello/Debug/hello.elf' is downloaded to processor 'ps7_cortexa9_0'.
16:44:40 INFO  : ----------------XSDB Script----------------
connect -url tcp:127.0.0.1:3121
source C:/cojt/blink/cojt_blink.sdk/design_1_wrapper_hw_platform_0/ps7_init.tcl
targets -set -nocase -filter {name =~"APU*" && jtag_cable_name =~ "Platform Cable USB II 00001292870001"} -index 0
loadhw C:/cojt/blink/cojt_blink.sdk/design_1_wrapper_hw_platform_0/system.hdf
targets -set -nocase -filter {name =~"APU*" && jtag_cable_name =~ "Platform Cable USB II 00001292870001"} -index 0
stop
ps7_init
ps7_post_config
targets -set -nocase -filter {name =~ "ARM*#0" && jtag_cable_name =~ "Platform Cable USB II 00001292870001"} -index 0
rst -processor
targets -set -nocase -filter {name =~ "ARM*#0" && jtag_cable_name =~ "Platform Cable USB II 00001292870001"} -index 0
dow C:/cojt/blink/cojt_blink.sdk/hello/Debug/hello.elf
----------------End of Script----------------

16:44:40 INFO  : Memory regions updated for context APU
16:44:40 INFO  : Context for processor 'ps7_cortexa9_0' is selected.
16:44:40 INFO  : 'con' command is executed.
16:44:40 INFO  : ----------------XSDB Script (After Launch)----------------
targets -set -nocase -filter {name =~ "ARM*#0" && jtag_cable_name =~ "Platform Cable USB II 00001292870001"} -index 0
con
----------------End of Script----------------

16:44:40 INFO  : Launch script is exported to file 'C:\cojt\blink\cojt_blink.sdk\.sdk\launch_scripts\xilinx_c-c++_application_(system_debugger)\system_debugger_using_debug_hello.elf_on_local_(1).tcl'
16:47:17 INFO  : Disconnected from the channel tcfchan#2.
16:53:48 INFO  : 'targets -set -filter {jtag_cable_name =~ "Platform Cable USB II 00001292870001" && level==0} -index 1' command is executed.
16:53:48 INFO  : 'fpga -state' command is executed.
16:53:48 INFO  : Connected to target on host '127.0.0.1' and port '3121'.
16:53:48 INFO  : Jtag cable 'Platform Cable USB II 00001292870001' is selected.
16:53:48 INFO  : 'jtag frequency' command is executed.
16:53:48 INFO  : Sourcing of 'C:/cojt/blink/cojt_blink.sdk/design_1_wrapper_hw_platform_0/ps7_init.tcl' is done.
16:53:48 INFO  : Context for 'APU' is selected.
16:53:48 INFO  : Hardware design information is loaded from 'C:/cojt/blink/cojt_blink.sdk/design_1_wrapper_hw_platform_0/system.hdf'.
16:53:49 INFO  : Context for 'APU' is selected.
16:53:49 INFO  : 'stop' command is executed.
16:53:50 INFO  : 'ps7_init' command is executed.
16:53:50 INFO  : 'ps7_post_config' command is executed.
16:53:50 INFO  : Context for processor 'ps7_cortexa9_0' is selected.
16:53:50 INFO  : Processor reset is completed for 'ps7_cortexa9_0'.
16:53:50 INFO  : Context for processor 'ps7_cortexa9_0' is selected.
16:53:51 INFO  : The application 'C:/cojt/blink/cojt_blink.sdk/blink/Debug/blink.elf' is downloaded to processor 'ps7_cortexa9_0'.
16:53:51 INFO  : ----------------XSDB Script----------------
connect -url tcp:127.0.0.1:3121
source C:/cojt/blink/cojt_blink.sdk/design_1_wrapper_hw_platform_0/ps7_init.tcl
targets -set -nocase -filter {name =~"APU*" && jtag_cable_name =~ "Platform Cable USB II 00001292870001"} -index 0
loadhw C:/cojt/blink/cojt_blink.sdk/design_1_wrapper_hw_platform_0/system.hdf
targets -set -nocase -filter {name =~"APU*" && jtag_cable_name =~ "Platform Cable USB II 00001292870001"} -index 0
stop
ps7_init
ps7_post_config
targets -set -nocase -filter {name =~ "ARM*#0" && jtag_cable_name =~ "Platform Cable USB II 00001292870001"} -index 0
rst -processor
targets -set -nocase -filter {name =~ "ARM*#0" && jtag_cable_name =~ "Platform Cable USB II 00001292870001"} -index 0
dow C:/cojt/blink/cojt_blink.sdk/blink/Debug/blink.elf
----------------End of Script----------------

16:53:51 INFO  : Memory regions updated for context APU
16:53:51 INFO  : Context for processor 'ps7_cortexa9_0' is selected.
16:53:51 INFO  : 'con' command is executed.
16:53:51 INFO  : ----------------XSDB Script (After Launch)----------------
targets -set -nocase -filter {name =~ "ARM*#0" && jtag_cable_name =~ "Platform Cable USB II 00001292870001"} -index 0
con
----------------End of Script----------------

16:53:51 INFO  : Launch script is exported to file 'C:\cojt\blink\cojt_blink.sdk\.sdk\launch_scripts\xilinx_c-c++_application_(system_debugger)\system_debugger_using_debug_blink.elf_on_local.tcl'
16:56:48 INFO  : Disconnected from the channel tcfchan#3.
17:05:55 INFO  : Registering command handlers for SDK TCF services
17:05:56 INFO  : Launching XSCT server: xsct.bat -interactive C:\cojt\blink\cojt_blink.sdk\temp_xsdb_launch_script.tcl
17:05:58 INFO  : XSCT server has started successfully.
17:05:59 INFO  : Processing command line option -hwspec C:/cojt/blink/cojt_blink.sdk/design_1_wrapper.hdf.
17:05:59 INFO  : Successfully done setting XSCT server connection channel  
17:05:59 INFO  : Checking for hwspec changes in the project design_1_wrapper_hw_platform_0.
17:05:59 INFO  : Successfully done setting SDK workspace  
17:06:58 INFO  : 'targets -set -filter {jtag_cable_name =~ "Platform Cable USB II 00001292870001" && level==0} -index 1' command is executed.
17:06:58 INFO  : 'fpga -state' command is executed.
17:06:58 INFO  : Connected to target on host '127.0.0.1' and port '3121'.
17:06:58 INFO  : Jtag cable 'Platform Cable USB II 00001292870001' is selected.
17:06:58 INFO  : 'jtag frequency' command is executed.
17:06:58 INFO  : Sourcing of 'C:/cojt/blink/cojt_blink.sdk/design_1_wrapper_hw_platform_0/ps7_init.tcl' is done.
17:06:58 INFO  : Context for 'APU' is selected.
17:06:58 INFO  : Hardware design information is loaded from 'C:/cojt/blink/cojt_blink.sdk/design_1_wrapper_hw_platform_0/system.hdf'.
17:06:58 INFO  : Context for 'APU' is selected.
17:06:58 INFO  : 'stop' command is executed.
17:07:00 INFO  : 'ps7_init' command is executed.
17:07:00 INFO  : 'ps7_post_config' command is executed.
17:07:00 INFO  : Context for processor 'ps7_cortexa9_0' is selected.
17:07:00 INFO  : Processor reset is completed for 'ps7_cortexa9_0'.
17:07:00 INFO  : Context for processor 'ps7_cortexa9_0' is selected.
17:07:01 INFO  : The application 'C:/cojt/blink/cojt_blink.sdk/blink/Debug/blink.elf' is downloaded to processor 'ps7_cortexa9_0'.
17:07:01 INFO  : ----------------XSDB Script----------------
connect -url tcp:127.0.0.1:3121
source C:/cojt/blink/cojt_blink.sdk/design_1_wrapper_hw_platform_0/ps7_init.tcl
targets -set -nocase -filter {name =~"APU*" && jtag_cable_name =~ "Platform Cable USB II 00001292870001"} -index 0
loadhw C:/cojt/blink/cojt_blink.sdk/design_1_wrapper_hw_platform_0/system.hdf
targets -set -nocase -filter {name =~"APU*" && jtag_cable_name =~ "Platform Cable USB II 00001292870001"} -index 0
stop
ps7_init
ps7_post_config
targets -set -nocase -filter {name =~ "ARM*#0" && jtag_cable_name =~ "Platform Cable USB II 00001292870001"} -index 0
rst -processor
targets -set -nocase -filter {name =~ "ARM*#0" && jtag_cable_name =~ "Platform Cable USB II 00001292870001"} -index 0
dow C:/cojt/blink/cojt_blink.sdk/blink/Debug/blink.elf
----------------End of Script----------------

17:07:01 INFO  : Memory regions updated for context APU
17:07:01 INFO  : Context for processor 'ps7_cortexa9_0' is selected.
17:07:01 INFO  : 'con' command is executed.
17:07:01 INFO  : ----------------XSDB Script (After Launch)----------------
targets -set -nocase -filter {name =~ "ARM*#0" && jtag_cable_name =~ "Platform Cable USB II 00001292870001"} -index 0
con
----------------End of Script----------------

17:07:01 INFO  : Launch script is exported to file 'C:\cojt\blink\cojt_blink.sdk\.sdk\launch_scripts\xilinx_c-c++_application_(system_debugger)\system_debugger_using_debug_blink.elf_on_local.tcl'
17:15:05 INFO  : SDK has detected change in the last modified timestamps for source hardware specification file Source:1526026466038,  Project:1526023109476
17:15:05 INFO  : Project design_1_wrapper_hw_platform_0's source hardware specification located at C:/cojt/blink/cojt_blink.sdk/design_1_wrapper.hdf is now different from the local copy.
		 The local copy will be replaced with the source specification and your workspace will be updated.
17:15:56 INFO  : Copied contents of C:/cojt/blink/cojt_blink.sdk/design_1_wrapper.hdf into \design_1_wrapper_hw_platform_0\system.hdf.
17:16:01 INFO  : Synchronizing projects in the workspace with the hardware platform specification changes.
17:16:05 INFO  : 
17:16:06 INFO  : Updating hardware inferred compiler options for blink.
17:16:07 INFO  : Updating hardware inferred compiler options for hello.
17:16:07 INFO  : Clearing existing target manager status.
17:16:33 INFO  : Disconnected from the channel tcfchan#1.
17:16:51 INFO  : Connected to target on host '127.0.0.1' and port '3121'.
17:16:52 INFO  : 'targets -set -filter {jtag_cable_name =~ "Platform Cable USB II 00001292870001" && level==0} -index 1' command is executed.
17:17:03 INFO  : FPGA configured successfully with bitstream "C:/cojt/blink/cojt_blink.sdk/design_1_wrapper_hw_platform_0/design_1_wrapper.bit"
17:17:09 INFO  : 'targets -set -filter {jtag_cable_name =~ "Platform Cable USB II 00001292870001" && level==0} -index 1' command is executed.
17:17:09 INFO  : 'fpga -state' command is executed.
17:17:09 INFO  : Connected to target on host '127.0.0.1' and port '3121'.
17:17:09 INFO  : Jtag cable 'Platform Cable USB II 00001292870001' is selected.
17:17:09 INFO  : 'jtag frequency' command is executed.
17:17:09 INFO  : Sourcing of 'C:/cojt/blink/cojt_blink.sdk/design_1_wrapper_hw_platform_0/ps7_init.tcl' is done.
17:17:09 INFO  : Context for 'APU' is selected.
17:17:09 INFO  : Hardware design information is loaded from 'C:/cojt/blink/cojt_blink.sdk/design_1_wrapper_hw_platform_0/system.hdf'.
17:17:09 INFO  : Context for 'APU' is selected.
17:17:10 INFO  : 'stop' command is executed.
17:17:14 INFO  : 'ps7_init' command is executed.
17:17:14 INFO  : 'ps7_post_config' command is executed.
17:17:14 INFO  : Context for processor 'ps7_cortexa9_0' is selected.
17:17:14 INFO  : Processor reset is completed for 'ps7_cortexa9_0'.
17:17:14 INFO  : Context for processor 'ps7_cortexa9_0' is selected.
17:17:16 ERROR : Memory write error at 0x100000. APB AP transaction error, DAP status f0000021
17:17:16 INFO  : ----------------XSDB Script----------------
connect -url tcp:127.0.0.1:3121
source C:/cojt/blink/cojt_blink.sdk/design_1_wrapper_hw_platform_0/ps7_init.tcl
targets -set -nocase -filter {name =~"APU*" && jtag_cable_name =~ "Platform Cable USB II 00001292870001"} -index 0
loadhw C:/cojt/blink/cojt_blink.sdk/design_1_wrapper_hw_platform_0/system.hdf
targets -set -nocase -filter {name =~"APU*" && jtag_cable_name =~ "Platform Cable USB II 00001292870001"} -index 0
stop
ps7_init
ps7_post_config
targets -set -nocase -filter {name =~ "ARM*#0" && jtag_cable_name =~ "Platform Cable USB II 00001292870001"} -index 0
rst -processor
targets -set -nocase -filter {name =~ "ARM*#0" && jtag_cable_name =~ "Platform Cable USB II 00001292870001"} -index 0
dow C:/cojt/blink/cojt_blink.sdk/blink/Debug/blink.elf
----------------End of Script----------------

17:17:39 INFO  : Connected to target on host '127.0.0.1' and port '3121'.
17:17:39 INFO  : 'targets -set -filter {jtag_cable_name =~ "Platform Cable USB II 00001292870001" && level==0} -index 1' command is executed.
17:17:51 INFO  : FPGA configured successfully with bitstream "C:/cojt/blink/cojt_blink.sdk/design_1_wrapper_hw_platform_0/design_1_wrapper.bit"
17:18:01 INFO  : 'targets -set -filter {jtag_cable_name =~ "Platform Cable USB II 00001292870001" && level==0} -index 1' command is executed.
17:18:01 INFO  : 'fpga -state' command is executed.
17:18:01 INFO  : Connected to target on host '127.0.0.1' and port '3121'.
17:18:01 INFO  : Jtag cable 'Platform Cable USB II 00001292870001' is selected.
17:18:01 INFO  : 'jtag frequency' command is executed.
17:18:01 INFO  : Sourcing of 'C:/cojt/blink/cojt_blink.sdk/design_1_wrapper_hw_platform_0/ps7_init.tcl' is done.
17:18:01 INFO  : Context for 'APU' is selected.
17:18:01 INFO  : Hardware design information is loaded from 'C:/cojt/blink/cojt_blink.sdk/design_1_wrapper_hw_platform_0/system.hdf'.
17:18:01 INFO  : Context for 'APU' is selected.
17:18:01 INFO  : 'stop' command is executed.
17:18:02 ERROR : AP transaction error, DAP status f0000021
17:18:02 INFO  : ----------------XSDB Script----------------
connect -url tcp:127.0.0.1:3121
source C:/cojt/blink/cojt_blink.sdk/design_1_wrapper_hw_platform_0/ps7_init.tcl
targets -set -nocase -filter {name =~"APU*" && jtag_cable_name =~ "Platform Cable USB II 00001292870001"} -index 0
loadhw C:/cojt/blink/cojt_blink.sdk/design_1_wrapper_hw_platform_0/system.hdf
targets -set -nocase -filter {name =~"APU*" && jtag_cable_name =~ "Platform Cable USB II 00001292870001"} -index 0
stop
ps7_init
----------------End of Script----------------

17:18:11 INFO  : 'targets -set -filter {jtag_cable_name =~ "Platform Cable USB II 00001292870001" && level==0} -index 1' command is executed.
17:18:11 INFO  : 'fpga -state' command is executed.
17:18:11 INFO  : Connected to target on host '127.0.0.1' and port '3121'.
17:18:11 INFO  : Jtag cable 'Platform Cable USB II 00001292870001' is selected.
17:18:11 INFO  : 'jtag frequency' command is executed.
17:18:11 INFO  : Sourcing of 'C:/cojt/blink/cojt_blink.sdk/design_1_wrapper_hw_platform_0/ps7_init.tcl' is done.
17:18:11 INFO  : Context for 'APU' is selected.
17:18:11 INFO  : Hardware design information is loaded from 'C:/cojt/blink/cojt_blink.sdk/design_1_wrapper_hw_platform_0/system.hdf'.
17:18:11 INFO  : Context for 'APU' is selected.
17:18:11 INFO  : 'stop' command is executed.
17:18:11 ERROR : AP transaction error, DAP status f0000021
17:18:11 INFO  : ----------------XSDB Script----------------
connect -url tcp:127.0.0.1:3121
source C:/cojt/blink/cojt_blink.sdk/design_1_wrapper_hw_platform_0/ps7_init.tcl
targets -set -nocase -filter {name =~"APU*" && jtag_cable_name =~ "Platform Cable USB II 00001292870001"} -index 0
loadhw C:/cojt/blink/cojt_blink.sdk/design_1_wrapper_hw_platform_0/system.hdf
targets -set -nocase -filter {name =~"APU*" && jtag_cable_name =~ "Platform Cable USB II 00001292870001"} -index 0
stop
ps7_init
----------------End of Script----------------

17:18:49 INFO  : 'targets -set -filter {jtag_cable_name =~ "Platform Cable USB II 00001292870001" && level==0} -index 1' command is executed.
17:18:49 INFO  : 'fpga -state' command is executed.
17:18:49 INFO  : Connected to target on host '127.0.0.1' and port '3121'.
17:18:49 INFO  : Jtag cable 'Platform Cable USB II 00001292870001' is selected.
17:18:49 INFO  : 'jtag frequency' command is executed.
17:18:49 INFO  : Sourcing of 'C:/cojt/blink/cojt_blink.sdk/design_1_wrapper_hw_platform_0/ps7_init.tcl' is done.
17:18:49 INFO  : Context for 'APU' is selected.
17:18:49 INFO  : Hardware design information is loaded from 'C:/cojt/blink/cojt_blink.sdk/design_1_wrapper_hw_platform_0/system.hdf'.
17:18:49 INFO  : Context for 'APU' is selected.
17:18:50 INFO  : 'stop' command is executed.
17:18:50 ERROR : AP transaction error, DAP status f0000021
17:18:50 INFO  : ----------------XSDB Script----------------
connect -url tcp:127.0.0.1:3121
source C:/cojt/blink/cojt_blink.sdk/design_1_wrapper_hw_platform_0/ps7_init.tcl
targets -set -nocase -filter {name =~"APU*" && jtag_cable_name =~ "Platform Cable USB II 00001292870001"} -index 0
loadhw C:/cojt/blink/cojt_blink.sdk/design_1_wrapper_hw_platform_0/system.hdf
targets -set -nocase -filter {name =~"APU*" && jtag_cable_name =~ "Platform Cable USB II 00001292870001"} -index 0
stop
ps7_init
----------------End of Script----------------

17:19:08 ERROR : Unexpected error while parsing XMD response ?: com.google.gson.JsonSyntaxException: com.google.gson.stream.MalformedJsonException: invalid number or unquoted string near 
17:19:59 INFO  : Registering command handlers for SDK TCF services
17:19:59 INFO  : Launching XSCT server: xsct.bat -interactive C:\cojt\blink\cojt_blink.sdk\temp_xsdb_launch_script.tcl
17:20:01 INFO  : XSCT server has started successfully.
17:20:01 INFO  : Successfully done setting XSCT server connection channel  
17:20:02 INFO  : Processing command line option -hwspec C:/cojt/blink/cojt_blink.sdk/design_1_wrapper.hdf.
17:20:02 INFO  : Successfully done setting SDK workspace  
17:20:02 INFO  : Checking for hwspec changes in the project design_1_wrapper_hw_platform_0.
17:20:52 INFO  : 'targets -set -filter {jtag_cable_name =~ "Platform Cable USB II 00001292870001" && level==0} -index 1' command is executed.
17:20:52 INFO  : 'fpga -state' command is executed.
17:20:52 INFO  : Connected to target on host '127.0.0.1' and port '3121'.
17:20:52 INFO  : Jtag cable 'Platform Cable USB II 00001292870001' is selected.
17:20:52 INFO  : 'jtag frequency' command is executed.
17:20:52 INFO  : Sourcing of 'C:/cojt/blink/cojt_blink.sdk/design_1_wrapper_hw_platform_0/ps7_init.tcl' is done.
17:20:55 ERROR : no targets found with "name =~"APU*" && jtag_cable_name =~ "Platform Cable USB II 00001292870001"". available targets:
  1  DAP (JTAG port open error. AP transaction error, DAP status 30000021)
  2* xc7z020
17:20:55 INFO  : ----------------XSDB Script----------------
connect -url tcp:127.0.0.1:3121
source C:/cojt/blink/cojt_blink.sdk/design_1_wrapper_hw_platform_0/ps7_init.tcl
targets -set -nocase -filter {name =~"APU*" && jtag_cable_name =~ "Platform Cable USB II 00001292870001"} -index 0
----------------End of Script----------------

17:21:03 INFO  : 'targets -set -filter {jtag_cable_name =~ "Platform Cable USB II 00001292870001" && level==0} -index 1' command is executed.
17:21:03 INFO  : 'fpga -state' command is executed.
17:21:03 INFO  : Connected to target on host '127.0.0.1' and port '3121'.
17:21:03 INFO  : Jtag cable 'Platform Cable USB II 00001292870001' is selected.
17:21:03 INFO  : 'jtag frequency' command is executed.
17:21:03 INFO  : Sourcing of 'C:/cojt/blink/cojt_blink.sdk/design_1_wrapper_hw_platform_0/ps7_init.tcl' is done.
17:21:06 ERROR : no targets found with "name =~"APU*" && jtag_cable_name =~ "Platform Cable USB II 00001292870001"". available targets:
  1  DAP (JTAG port open error. AP transaction error, DAP status 30000021)
  2* xc7z020
17:21:06 INFO  : ----------------XSDB Script----------------
connect -url tcp:127.0.0.1:3121
source C:/cojt/blink/cojt_blink.sdk/design_1_wrapper_hw_platform_0/ps7_init.tcl
targets -set -nocase -filter {name =~"APU*" && jtag_cable_name =~ "Platform Cable USB II 00001292870001"} -index 0
----------------End of Script----------------

17:21:30 INFO  : 'targets -set -filter {jtag_cable_name =~ "Platform Cable USB II 00001292870001" && level==0} -index 1' command is executed.
17:21:30 INFO  : 'fpga -state' command is executed.
17:21:30 INFO  : Connected to target on host '127.0.0.1' and port '3121'.
17:21:30 INFO  : Jtag cable 'Platform Cable USB II 00001292870001' is selected.
17:21:30 INFO  : 'jtag frequency' command is executed.
17:21:30 INFO  : Sourcing of 'C:/cojt/blink/cojt_blink.sdk/design_1_wrapper_hw_platform_0/ps7_init.tcl' is done.
17:21:33 ERROR : no targets found with "name =~"APU*" && jtag_cable_name =~ "Platform Cable USB II 00001292870001"". available targets:
  1  DAP (JTAG port open error. AP transaction error, DAP status 30000021)
  2* xc7z020
17:21:33 INFO  : ----------------XSDB Script----------------
connect -url tcp:127.0.0.1:3121
source C:/cojt/blink/cojt_blink.sdk/design_1_wrapper_hw_platform_0/ps7_init.tcl
targets -set -nocase -filter {name =~"APU*" && jtag_cable_name =~ "Platform Cable USB II 00001292870001"} -index 0
----------------End of Script----------------

17:26:42 INFO  : Registering command handlers for SDK TCF services
17:26:42 INFO  : Launching XSCT server: xsct.bat -interactive C:\cojt\blink\cojt_blink.sdk\temp_xsdb_launch_script.tcl
17:26:45 INFO  : XSCT server has started successfully.
17:26:46 INFO  : Processing command line option -hwspec C:/cojt/blink/cojt_blink.sdk/design_1_wrapper.hdf.
17:26:46 INFO  : Successfully done setting XSCT server connection channel  
17:26:46 INFO  : Checking for hwspec changes in the project design_1_wrapper_hw_platform_0.
17:26:46 INFO  : Successfully done setting SDK workspace  
17:26:48 INFO  : SDK has detected change in the last modified timestamps for source hardware specification file Source:1526027118834,  Project:1526026466038
17:26:48 INFO  : The hardware specification for project 'design_1_wrapper_hw_platform_0' is different from C:/cojt/blink/cojt_blink.sdk/design_1_wrapper.hdf.
17:26:49 INFO  : Copied contents of C:/cojt/blink/cojt_blink.sdk/design_1_wrapper.hdf into \design_1_wrapper_hw_platform_0\system.hdf.
17:26:53 INFO  : Synchronizing projects in the workspace with the hardware platform specification changes.
17:26:58 INFO  : 
17:26:59 INFO  : Updating hardware inferred compiler options for blink.
17:27:00 INFO  : Updating hardware inferred compiler options for hello.
17:27:00 INFO  : Clearing existing target manager status.
17:27:22 INFO  : 'targets -set -filter {jtag_cable_name =~ "Platform Cable USB II 00001292870001" && level==0} -index 1' command is executed.
17:27:22 INFO  : 'fpga -state' command is executed.
17:27:22 INFO  : Connected to target on host '127.0.0.1' and port '3121'.
17:27:23 INFO  : Jtag cable 'Platform Cable USB II 00001292870001' is selected.
17:27:23 INFO  : 'jtag frequency' command is executed.
17:27:23 INFO  : Sourcing of 'C:/cojt/blink/cojt_blink.sdk/design_1_wrapper_hw_platform_0/ps7_init.tcl' is done.
17:27:26 ERROR : no targets found with "name =~"APU*" && jtag_cable_name =~ "Platform Cable USB II 00001292870001"". available targets:
  1  DAP (JTAG port open error. AP transaction error, DAP status 30000021)
  2* xc7z020
17:27:26 INFO  : ----------------XSDB Script----------------
connect -url tcp:127.0.0.1:3121
source C:/cojt/blink/cojt_blink.sdk/design_1_wrapper_hw_platform_0/ps7_init.tcl
targets -set -nocase -filter {name =~"APU*" && jtag_cable_name =~ "Platform Cable USB II 00001292870001"} -index 0
----------------End of Script----------------

17:28:00 INFO  : 'targets -set -filter {jtag_cable_name =~ "Platform Cable USB II 00001292870001" && level==0} -index 1' command is executed.
17:28:00 INFO  : 'fpga -state' command is executed.
17:28:00 INFO  : Connected to target on host '127.0.0.1' and port '3121'.
17:28:00 INFO  : Jtag cable 'Platform Cable USB II 00001292870001' is selected.
17:28:00 INFO  : 'jtag frequency' command is executed.
17:28:01 INFO  : Sourcing of 'C:/cojt/blink/cojt_blink.sdk/design_1_wrapper_hw_platform_0/ps7_init.tcl' is done.
17:28:04 ERROR : no targets found with "name =~"APU*" && jtag_cable_name =~ "Platform Cable USB II 00001292870001"". available targets:
  1  DAP (JTAG port open error. AP transaction error, DAP status 30000021)
  2* xc7z020
17:28:04 INFO  : ----------------XSDB Script----------------
connect -url tcp:127.0.0.1:3121
source C:/cojt/blink/cojt_blink.sdk/design_1_wrapper_hw_platform_0/ps7_init.tcl
targets -set -nocase -filter {name =~"APU*" && jtag_cable_name =~ "Platform Cable USB II 00001292870001"} -index 0
----------------End of Script----------------

17:29:13 INFO  : Connected to target on host '127.0.0.1' and port '3121'.
17:29:13 INFO  : 'targets -set -filter {jtag_cable_name =~ "Platform Cable USB II 00001292870001" && level==0} -index 1' command is executed.
17:29:13 ERROR : Cannot find memory context of target ARM_DAP
17:29:43 INFO  : Connected to target on host '127.0.0.1' and port '3121'.
17:29:43 INFO  : 'targets -set -filter {jtag_cable_name =~ "Platform Cable USB II 00001292870001" && level==0} -index 1' command is executed.
17:29:55 INFO  : FPGA configured successfully with bitstream "C:/cojt/blink/cojt_blink.sdk/design_1_wrapper_hw_platform_0/design_1_wrapper.bit"
17:30:00 INFO  : 'targets -set -filter {jtag_cable_name =~ "Platform Cable USB II 00001292870001" && level==0} -index 1' command is executed.
17:30:00 INFO  : 'fpga -state' command is executed.
17:30:00 INFO  : Connected to target on host '127.0.0.1' and port '3121'.
17:30:01 INFO  : Jtag cable 'Platform Cable USB II 00001292870001' is selected.
17:30:01 INFO  : 'jtag frequency' command is executed.
17:30:01 INFO  : Sourcing of 'C:/cojt/blink/cojt_blink.sdk/design_1_wrapper_hw_platform_0/ps7_init.tcl' is done.
17:30:01 INFO  : Context for 'APU' is selected.
17:30:01 INFO  : Hardware design information is loaded from 'C:/cojt/blink/cojt_blink.sdk/design_1_wrapper_hw_platform_0/system.hdf'.
17:30:01 INFO  : Context for 'APU' is selected.
17:30:01 INFO  : 'stop' command is executed.
17:30:02 INFO  : 'ps7_init' command is executed.
17:30:02 INFO  : 'ps7_post_config' command is executed.
17:30:02 INFO  : Context for processor 'ps7_cortexa9_0' is selected.
17:30:02 INFO  : Processor reset is completed for 'ps7_cortexa9_0'.
17:30:03 INFO  : Context for processor 'ps7_cortexa9_0' is selected.
17:30:03 INFO  : The application 'C:/cojt/blink/cojt_blink.sdk/blink/Debug/blink.elf' is downloaded to processor 'ps7_cortexa9_0'.
17:30:03 INFO  : ----------------XSDB Script----------------
connect -url tcp:127.0.0.1:3121
source C:/cojt/blink/cojt_blink.sdk/design_1_wrapper_hw_platform_0/ps7_init.tcl
targets -set -nocase -filter {name =~"APU*" && jtag_cable_name =~ "Platform Cable USB II 00001292870001"} -index 0
loadhw C:/cojt/blink/cojt_blink.sdk/design_1_wrapper_hw_platform_0/system.hdf
targets -set -nocase -filter {name =~"APU*" && jtag_cable_name =~ "Platform Cable USB II 00001292870001"} -index 0
stop
ps7_init
ps7_post_config
targets -set -nocase -filter {name =~ "ARM*#0" && jtag_cable_name =~ "Platform Cable USB II 00001292870001"} -index 0
rst -processor
targets -set -nocase -filter {name =~ "ARM*#0" && jtag_cable_name =~ "Platform Cable USB II 00001292870001"} -index 0
dow C:/cojt/blink/cojt_blink.sdk/blink/Debug/blink.elf
----------------End of Script----------------

17:30:03 INFO  : Memory regions updated for context APU
17:30:03 INFO  : Context for processor 'ps7_cortexa9_0' is selected.
17:30:03 INFO  : 'con' command is executed.
17:30:03 INFO  : ----------------XSDB Script (After Launch)----------------
targets -set -nocase -filter {name =~ "ARM*#0" && jtag_cable_name =~ "Platform Cable USB II 00001292870001"} -index 0
con
----------------End of Script----------------

17:30:03 INFO  : Launch script is exported to file 'C:\cojt\blink\cojt_blink.sdk\.sdk\launch_scripts\xilinx_c-c++_application_(system_debugger)\system_debugger_using_debug_blink.elf_on_local.tcl'
17:30:47 INFO  : Disconnected from the channel tcfchan#1.
17:34:49 INFO  : SDK has detected change in the last modified timestamps for source hardware specification file Source:1526027652728,  Project:1526027118834
17:34:49 INFO  : Project design_1_wrapper_hw_platform_0's source hardware specification located at C:/cojt/blink/cojt_blink.sdk/design_1_wrapper.hdf is now different from the local copy.
		 The local copy will be replaced with the source specification and your workspace will be updated.
17:35:00 INFO  : Copied contents of C:/cojt/blink/cojt_blink.sdk/design_1_wrapper.hdf into \design_1_wrapper_hw_platform_0\system.hdf.
17:35:00 ERROR : Failed to closehw "C:/cojt/blink/cojt_blink.sdk/design_1_wrapper_hw_platform_0/system.hdf"
Reason: Cannot close hw design 'C:/cojt/blink/cojt_blink.sdk/design_1_wrapper_hw_platform_0/system.hdf'.
Design is not opened in the current session.

17:35:24 INFO  : Connected to target on host '127.0.0.1' and port '3121'.
17:35:24 INFO  : 'targets -set -filter {jtag_cable_name =~ "Platform Cable USB II 00001292870001" && level==0} -index 1' command is executed.
17:35:36 INFO  : FPGA configured successfully with bitstream "C:/cojt/blink/cojt_blink.sdk/design_1_wrapper_hw_platform_0/design_1_wrapper.bit"
17:35:47 INFO  : 'targets -set -filter {jtag_cable_name =~ "Platform Cable USB II 00001292870001" && level==0} -index 1' command is executed.
17:35:47 INFO  : 'fpga -state' command is executed.
17:35:47 INFO  : Connected to target on host '127.0.0.1' and port '3121'.
17:35:48 INFO  : Jtag cable 'Platform Cable USB II 00001292870001' is selected.
17:35:48 INFO  : 'jtag frequency' command is executed.
17:35:48 INFO  : Sourcing of 'C:/cojt/blink/cojt_blink.sdk/design_1_wrapper_hw_platform_0/ps7_init.tcl' is done.
17:35:48 INFO  : Context for 'APU' is selected.
17:35:48 INFO  : Hardware design information is loaded from 'C:/cojt/blink/cojt_blink.sdk/design_1_wrapper_hw_platform_0/system.hdf'.
17:35:48 INFO  : Context for 'APU' is selected.
17:35:48 INFO  : 'stop' command is executed.
17:35:49 INFO  : 'ps7_init' command is executed.
17:35:50 INFO  : 'ps7_post_config' command is executed.
17:35:50 INFO  : Context for processor 'ps7_cortexa9_0' is selected.
17:35:50 INFO  : Processor reset is completed for 'ps7_cortexa9_0'.
17:35:50 INFO  : Context for processor 'ps7_cortexa9_0' is selected.
17:35:50 INFO  : The application 'C:/cojt/blink/cojt_blink.sdk/blink/Debug/blink.elf' is downloaded to processor 'ps7_cortexa9_0'.
17:35:50 INFO  : ----------------XSDB Script----------------
connect -url tcp:127.0.0.1:3121
source C:/cojt/blink/cojt_blink.sdk/design_1_wrapper_hw_platform_0/ps7_init.tcl
targets -set -nocase -filter {name =~"APU*" && jtag_cable_name =~ "Platform Cable USB II 00001292870001"} -index 0
loadhw C:/cojt/blink/cojt_blink.sdk/design_1_wrapper_hw_platform_0/system.hdf
targets -set -nocase -filter {name =~"APU*" && jtag_cable_name =~ "Platform Cable USB II 00001292870001"} -index 0
stop
ps7_init
ps7_post_config
targets -set -nocase -filter {name =~ "ARM*#0" && jtag_cable_name =~ "Platform Cable USB II 00001292870001"} -index 0
rst -processor
targets -set -nocase -filter {name =~ "ARM*#0" && jtag_cable_name =~ "Platform Cable USB II 00001292870001"} -index 0
dow C:/cojt/blink/cojt_blink.sdk/blink/Debug/blink.elf
----------------End of Script----------------

17:35:50 INFO  : Memory regions updated for context APU
17:35:51 INFO  : Context for processor 'ps7_cortexa9_0' is selected.
17:35:51 INFO  : 'con' command is executed.
17:35:51 INFO  : ----------------XSDB Script (After Launch)----------------
targets -set -nocase -filter {name =~ "ARM*#0" && jtag_cable_name =~ "Platform Cable USB II 00001292870001"} -index 0
con
----------------End of Script----------------

17:35:51 INFO  : Launch script is exported to file 'C:\cojt\blink\cojt_blink.sdk\.sdk\launch_scripts\xilinx_c-c++_application_(system_debugger)\system_debugger_using_debug_blink.elf_on_local.tcl'
17:41:20 INFO  : Disconnected from the channel tcfchan#2.
17:41:58 INFO  : Connected to target on host '127.0.0.1' and port '3121'.
17:41:59 INFO  : 'targets -set -filter {jtag_cable_name =~ "Platform Cable USB II 00001292870001" && level==0} -index 1' command is executed.
17:42:11 INFO  : FPGA configured successfully with bitstream "C:/cojt/blink/cojt_blink.sdk/design_1_wrapper_hw_platform_0/design_1_wrapper.bit"
17:42:39 INFO  : 'targets -set -filter {jtag_cable_name =~ "Platform Cable USB II 00001292870001" && level==0} -index 1' command is executed.
17:42:39 INFO  : 'fpga -state' command is executed.
17:42:39 INFO  : Connected to target on host '127.0.0.1' and port '3121'.
17:42:40 INFO  : Jtag cable 'Platform Cable USB II 00001292870001' is selected.
17:42:40 INFO  : 'jtag frequency' command is executed.
17:42:40 INFO  : Sourcing of 'C:/cojt/blink/cojt_blink.sdk/design_1_wrapper_hw_platform_0/ps7_init.tcl' is done.
17:42:40 INFO  : Context for 'APU' is selected.
17:42:40 INFO  : Hardware design information is loaded from 'C:/cojt/blink/cojt_blink.sdk/design_1_wrapper_hw_platform_0/system.hdf'.
17:42:40 INFO  : Context for 'APU' is selected.
17:42:40 INFO  : 'stop' command is executed.
17:42:41 INFO  : 'ps7_init' command is executed.
17:42:41 INFO  : 'ps7_post_config' command is executed.
17:42:41 INFO  : Context for processor 'ps7_cortexa9_0' is selected.
17:42:41 INFO  : Processor reset is completed for 'ps7_cortexa9_0'.
17:42:41 INFO  : Context for processor 'ps7_cortexa9_0' is selected.
17:42:42 INFO  : The application 'C:/cojt/blink/cojt_blink.sdk/hello/Debug/hello.elf' is downloaded to processor 'ps7_cortexa9_0'.
17:42:42 INFO  : ----------------XSDB Script----------------
connect -url tcp:127.0.0.1:3121
source C:/cojt/blink/cojt_blink.sdk/design_1_wrapper_hw_platform_0/ps7_init.tcl
targets -set -nocase -filter {name =~"APU*" && jtag_cable_name =~ "Platform Cable USB II 00001292870001"} -index 0
loadhw C:/cojt/blink/cojt_blink.sdk/design_1_wrapper_hw_platform_0/system.hdf
targets -set -nocase -filter {name =~"APU*" && jtag_cable_name =~ "Platform Cable USB II 00001292870001"} -index 0
stop
ps7_init
ps7_post_config
targets -set -nocase -filter {name =~ "ARM*#0" && jtag_cable_name =~ "Platform Cable USB II 00001292870001"} -index 0
rst -processor
targets -set -nocase -filter {name =~ "ARM*#0" && jtag_cable_name =~ "Platform Cable USB II 00001292870001"} -index 0
dow C:/cojt/blink/cojt_blink.sdk/hello/Debug/hello.elf
----------------End of Script----------------

17:42:42 INFO  : Memory regions updated for context APU
17:42:42 INFO  : Context for processor 'ps7_cortexa9_0' is selected.
17:42:42 INFO  : 'con' command is executed.
17:42:42 INFO  : ----------------XSDB Script (After Launch)----------------
targets -set -nocase -filter {name =~ "ARM*#0" && jtag_cable_name =~ "Platform Cable USB II 00001292870001"} -index 0
con
----------------End of Script----------------

17:42:42 INFO  : Launch script is exported to file 'C:\cojt\blink\cojt_blink.sdk\.sdk\launch_scripts\xilinx_c-c++_application_(system_debugger)\system_debugger_using_debug_hello.elf_on_local.tcl'
17:56:59 INFO  : Disconnected from the channel tcfchan#3.
17:57:00 ERROR : Unexpected error while parsing XMD response ?: com.google.gson.JsonSyntaxException: com.google.gson.stream.MalformedJsonException: invalid number or unquoted string near 
18:00:04 INFO  : Registering command handlers for SDK TCF services
18:00:04 INFO  : Launching XSCT server: xsct.bat -interactive C:\cojt\blink\cojt_blink.sdk\temp_xsdb_launch_script.tcl
18:00:06 INFO  : XSCT server has started successfully.
18:00:07 INFO  : Processing command line option -hwspec C:/cojt/blink/cojt_blink.sdk/design_1_wrapper.hdf.
18:00:07 INFO  : Successfully done setting XSCT server connection channel  
18:00:07 INFO  : Checking for hwspec changes in the project design_1_wrapper_hw_platform_0.
18:00:07 INFO  : Successfully done setting SDK workspace  
18:00:46 INFO  : 'targets -set -filter {jtag_cable_name =~ "Platform Cable USB II 00001292870001" && level==0} -index 1' command is executed.
18:00:46 INFO  : 'fpga -state' command is executed.
18:01:09 INFO  : Connected to target on host '127.0.0.1' and port '3121'.
18:01:09 INFO  : Jtag cable 'Platform Cable USB II 00001292870001' is selected.
18:01:09 INFO  : 'jtag frequency' command is executed.
18:01:09 INFO  : Sourcing of 'C:/cojt/blink/cojt_blink.sdk/design_1_wrapper_hw_platform_0/ps7_init.tcl' is done.
18:01:09 INFO  : Context for 'APU' is selected.
18:01:10 INFO  : Hardware design information is loaded from 'C:/cojt/blink/cojt_blink.sdk/design_1_wrapper_hw_platform_0/system.hdf'.
18:01:10 INFO  : Context for 'APU' is selected.
18:01:10 INFO  : 'stop' command is executed.
18:01:11 INFO  : 'ps7_init' command is executed.
18:01:11 INFO  : 'ps7_post_config' command is executed.
18:01:11 INFO  : Context for processor 'ps7_cortexa9_0' is selected.
18:01:11 INFO  : Processor reset is completed for 'ps7_cortexa9_0'.
18:01:11 INFO  : Context for processor 'ps7_cortexa9_0' is selected.
18:01:12 INFO  : The application 'C:/cojt/blink/cojt_blink.sdk/hello/Debug/hello.elf' is downloaded to processor 'ps7_cortexa9_0'.
18:01:12 INFO  : ----------------XSDB Script----------------
connect -url tcp:127.0.0.1:3121
source C:/cojt/blink/cojt_blink.sdk/design_1_wrapper_hw_platform_0/ps7_init.tcl
targets -set -nocase -filter {name =~"APU*" && jtag_cable_name =~ "Platform Cable USB II 00001292870001"} -index 0
loadhw C:/cojt/blink/cojt_blink.sdk/design_1_wrapper_hw_platform_0/system.hdf
targets -set -nocase -filter {name =~"APU*" && jtag_cable_name =~ "Platform Cable USB II 00001292870001"} -index 0
stop
ps7_init
ps7_post_config
targets -set -nocase -filter {name =~ "ARM*#0" && jtag_cable_name =~ "Platform Cable USB II 00001292870001"} -index 0
rst -processor
targets -set -nocase -filter {name =~ "ARM*#0" && jtag_cable_name =~ "Platform Cable USB II 00001292870001"} -index 0
dow C:/cojt/blink/cojt_blink.sdk/hello/Debug/hello.elf
----------------End of Script----------------

18:01:12 INFO  : Memory regions updated for context APU
18:01:12 INFO  : Context for processor 'ps7_cortexa9_0' is selected.
18:01:12 INFO  : 'con' command is executed.
18:01:12 INFO  : ----------------XSDB Script (After Launch)----------------
targets -set -nocase -filter {name =~ "ARM*#0" && jtag_cable_name =~ "Platform Cable USB II 00001292870001"} -index 0
con
----------------End of Script----------------

18:01:12 INFO  : Launch script is exported to file 'C:\cojt\blink\cojt_blink.sdk\.sdk\launch_scripts\xilinx_c-c++_application_(system_debugger)\system_debugger_using_debug_hello.elf_on_local.tcl'
18:01:28 INFO  : Connected to target on host '127.0.0.1' and port '3121'.
18:01:28 INFO  : 'targets -set -filter {jtag_cable_name =~ "Platform Cable USB II 00001292870001" && level==0} -index 1' command is executed.
18:01:40 INFO  : FPGA configured successfully with bitstream "C:/cojt/blink/cojt_blink.sdk/design_1_wrapper_hw_platform_0/design_1_wrapper.bit"
18:01:46 INFO  : Disconnected from the channel tcfchan#1.
18:01:47 INFO  : 'targets -set -filter {jtag_cable_name =~ "Platform Cable USB II 00001292870001" && level==0} -index 1' command is executed.
18:01:47 INFO  : 'fpga -state' command is executed.
18:01:47 INFO  : Connected to target on host '127.0.0.1' and port '3121'.
18:01:47 INFO  : Jtag cable 'Platform Cable USB II 00001292870001' is selected.
18:01:47 INFO  : 'jtag frequency' command is executed.
18:01:47 INFO  : Sourcing of 'C:/cojt/blink/cojt_blink.sdk/design_1_wrapper_hw_platform_0/ps7_init.tcl' is done.
18:01:47 INFO  : Context for 'APU' is selected.
18:01:50 INFO  : Hardware design information is loaded from 'C:/cojt/blink/cojt_blink.sdk/design_1_wrapper_hw_platform_0/system.hdf'.
18:01:50 INFO  : Context for 'APU' is selected.
18:01:50 INFO  : 'stop' command is executed.
18:01:51 INFO  : 'ps7_init' command is executed.
18:01:51 INFO  : 'ps7_post_config' command is executed.
18:01:52 INFO  : Context for processor 'ps7_cortexa9_0' is selected.
18:01:52 INFO  : Processor reset is completed for 'ps7_cortexa9_0'.
18:01:52 INFO  : Context for processor 'ps7_cortexa9_0' is selected.
18:01:52 INFO  : The application 'C:/cojt/blink/cojt_blink.sdk/hello/Debug/hello.elf' is downloaded to processor 'ps7_cortexa9_0'.
18:01:52 INFO  : ----------------XSDB Script----------------
connect -url tcp:127.0.0.1:3121
source C:/cojt/blink/cojt_blink.sdk/design_1_wrapper_hw_platform_0/ps7_init.tcl
targets -set -nocase -filter {name =~"APU*" && jtag_cable_name =~ "Platform Cable USB II 00001292870001"} -index 0
loadhw C:/cojt/blink/cojt_blink.sdk/design_1_wrapper_hw_platform_0/system.hdf
targets -set -nocase -filter {name =~"APU*" && jtag_cable_name =~ "Platform Cable USB II 00001292870001"} -index 0
stop
ps7_init
ps7_post_config
targets -set -nocase -filter {name =~ "ARM*#0" && jtag_cable_name =~ "Platform Cable USB II 00001292870001"} -index 0
rst -processor
targets -set -nocase -filter {name =~ "ARM*#0" && jtag_cable_name =~ "Platform Cable USB II 00001292870001"} -index 0
dow C:/cojt/blink/cojt_blink.sdk/hello/Debug/hello.elf
----------------End of Script----------------

18:01:52 INFO  : Memory regions updated for context APU
18:01:52 INFO  : Context for processor 'ps7_cortexa9_0' is selected.
18:01:53 INFO  : 'con' command is executed.
18:01:53 INFO  : ----------------XSDB Script (After Launch)----------------
targets -set -nocase -filter {name =~ "ARM*#0" && jtag_cable_name =~ "Platform Cable USB II 00001292870001"} -index 0
con
----------------End of Script----------------

18:01:53 INFO  : Launch script is exported to file 'C:\cojt\blink\cojt_blink.sdk\.sdk\launch_scripts\xilinx_c-c++_application_(system_debugger)\system_debugger_using_debug_hello.elf_on_local.tcl'
18:02:27 INFO  : Disconnected from the channel tcfchan#2.
13:44:12 INFO  : Launching XSCT server: xsct.bat -interactive C:\cojt\blink\cojt_blink.sdk\temp_xsdb_launch_script.tcl
13:44:14 INFO  : XSCT server has started successfully.
13:44:17 INFO  : Successfully done setting XSCT server connection channel  
13:44:17 INFO  : Successfully done setting SDK workspace  
13:44:18 INFO  : Registering command handlers for SDK TCF services
13:44:21 INFO  : Processing command line option -hwspec C:/cojt/blink/cojt_blink.sdk/design_1_wrapper.hdf.
13:44:21 INFO  : Checking for hwspec changes in the project design_1_wrapper_hw_platform_0.
13:46:00 INFO  : Connected to target on host '127.0.0.1' and port '3121'.
13:46:01 INFO  : 'targets -set -filter {jtag_cable_name =~ "Platform Cable USB II 00001292870001" && level==0} -index 1' command is executed.
13:46:13 INFO  : FPGA configured successfully with bitstream "C:/cojt/blink/cojt_blink.sdk/design_1_wrapper_hw_platform_0/design_1_wrapper.bit"
13:46:31 INFO  : 'targets -set -filter {jtag_cable_name =~ "Platform Cable USB II 00001292870001" && level==0} -index 1' command is executed.
13:46:31 INFO  : 'fpga -state' command is executed.
13:46:31 INFO  : Connected to target on host '127.0.0.1' and port '3121'.
13:46:31 INFO  : Jtag cable 'Platform Cable USB II 00001292870001' is selected.
13:46:32 INFO  : 'jtag frequency' command is executed.
13:46:32 INFO  : Sourcing of 'C:/cojt/blink/cojt_blink.sdk/design_1_wrapper_hw_platform_0/ps7_init.tcl' is done.
13:46:32 INFO  : Context for 'APU' is selected.
13:46:32 INFO  : Hardware design information is loaded from 'C:/cojt/blink/cojt_blink.sdk/design_1_wrapper_hw_platform_0/system.hdf'.
13:46:32 INFO  : Context for 'APU' is selected.
13:46:32 INFO  : 'stop' command is executed.
13:46:33 INFO  : 'ps7_init' command is executed.
13:46:33 INFO  : 'ps7_post_config' command is executed.
13:46:33 INFO  : Context for processor 'ps7_cortexa9_0' is selected.
13:46:33 INFO  : Processor reset is completed for 'ps7_cortexa9_0'.
13:46:33 INFO  : Context for processor 'ps7_cortexa9_0' is selected.
13:46:34 INFO  : The application 'C:/cojt/blink/cojt_blink.sdk/hello/Debug/hello.elf' is downloaded to processor 'ps7_cortexa9_0'.
13:46:34 INFO  : ----------------XSDB Script----------------
connect -url tcp:127.0.0.1:3121
source C:/cojt/blink/cojt_blink.sdk/design_1_wrapper_hw_platform_0/ps7_init.tcl
targets -set -nocase -filter {name =~"APU*" && jtag_cable_name =~ "Platform Cable USB II 00001292870001"} -index 0
loadhw C:/cojt/blink/cojt_blink.sdk/design_1_wrapper_hw_platform_0/system.hdf
targets -set -nocase -filter {name =~"APU*" && jtag_cable_name =~ "Platform Cable USB II 00001292870001"} -index 0
stop
ps7_init
ps7_post_config
targets -set -nocase -filter {name =~ "ARM*#0" && jtag_cable_name =~ "Platform Cable USB II 00001292870001"} -index 0
rst -processor
targets -set -nocase -filter {name =~ "ARM*#0" && jtag_cable_name =~ "Platform Cable USB II 00001292870001"} -index 0
dow C:/cojt/blink/cojt_blink.sdk/hello/Debug/hello.elf
----------------End of Script----------------

13:46:34 INFO  : Memory regions updated for context APU
13:46:34 INFO  : Context for processor 'ps7_cortexa9_0' is selected.
13:46:34 INFO  : 'con' command is executed.
13:46:34 INFO  : ----------------XSDB Script (After Launch)----------------
targets -set -nocase -filter {name =~ "ARM*#0" && jtag_cable_name =~ "Platform Cable USB II 00001292870001"} -index 0
con
----------------End of Script----------------

13:46:34 INFO  : Launch script is exported to file 'C:\cojt\blink\cojt_blink.sdk\.sdk\launch_scripts\xilinx_c-c++_application_(system_debugger)\system_debugger_using_debug_hello.elf_on_local.tcl'
13:47:33 INFO  : Disconnected from the channel tcfchan#1.
