14:18:35 INFO  : Registering command handlers for SDK TCF services
14:18:35 INFO  : Launching XSCT server: xsct.bat -interactive C:\cojt\pattern\cojt_pattern.sdk\temp_xsdb_launch_script.tcl
14:18:37 INFO  : XSCT server has started successfully.
14:18:37 INFO  : Successfully done setting XSCT server connection channel  
14:18:39 INFO  : Successfully done setting SDK workspace  
14:18:39 INFO  : Processing command line option -hwspec C:/cojt/pattern/cojt_pattern.sdk/design_1_wrapper.hdf.
14:27:33 INFO  : Connected to target on host '127.0.0.1' and port '3121'.
14:27:34 INFO  : 'targets -set -filter {jtag_cable_name =~ "Platform Cable USB II 00001292870001" && level==0} -index 1' command is executed.
14:27:46 INFO  : FPGA configured successfully with bitstream "C:/cojt/pattern/cojt_pattern.sdk/design_1_wrapper_hw_platform_0/design_1_wrapper.bit"
14:28:51 INFO  : 'targets -set -filter {jtag_cable_name =~ "Platform Cable USB II 00001292870001" && level==0} -index 1' command is executed.
14:28:51 INFO  : 'fpga -state' command is executed.
14:28:51 INFO  : Connected to target on host '127.0.0.1' and port '3121'.
14:28:51 INFO  : Jtag cable 'Platform Cable USB II 00001292870001' is selected.
14:28:51 INFO  : 'jtag frequency' command is executed.
14:28:51 INFO  : Sourcing of 'C:/cojt/pattern/cojt_pattern.sdk/design_1_wrapper_hw_platform_0/ps7_init.tcl' is done.
14:28:51 INFO  : Context for 'APU' is selected.
14:28:51 INFO  : Hardware design information is loaded from 'C:/cojt/pattern/cojt_pattern.sdk/design_1_wrapper_hw_platform_0/system.hdf'.
14:28:51 INFO  : Context for 'APU' is selected.
14:28:52 INFO  : 'stop' command is executed.
14:28:53 INFO  : 'ps7_init' command is executed.
14:28:53 INFO  : 'ps7_post_config' command is executed.
14:28:53 INFO  : Context for processor 'ps7_cortexa9_0' is selected.
14:28:53 INFO  : Processor reset is completed for 'ps7_cortexa9_0'.
14:28:53 INFO  : Context for processor 'ps7_cortexa9_0' is selected.
14:28:53 INFO  : The application 'C:/cojt/pattern/cojt_pattern.sdk/pattern/Debug/pattern.elf' is downloaded to processor 'ps7_cortexa9_0'.
14:28:53 INFO  : ----------------XSDB Script----------------
connect -url tcp:127.0.0.1:3121
source C:/cojt/pattern/cojt_pattern.sdk/design_1_wrapper_hw_platform_0/ps7_init.tcl
targets -set -nocase -filter {name =~"APU*" && jtag_cable_name =~ "Platform Cable USB II 00001292870001"} -index 0
loadhw C:/cojt/pattern/cojt_pattern.sdk/design_1_wrapper_hw_platform_0/system.hdf
targets -set -nocase -filter {name =~"APU*" && jtag_cable_name =~ "Platform Cable USB II 00001292870001"} -index 0
stop
ps7_init
ps7_post_config
targets -set -nocase -filter {name =~ "ARM*#0" && jtag_cable_name =~ "Platform Cable USB II 00001292870001"} -index 0
rst -processor
targets -set -nocase -filter {name =~ "ARM*#0" && jtag_cable_name =~ "Platform Cable USB II 00001292870001"} -index 0
dow C:/cojt/pattern/cojt_pattern.sdk/pattern/Debug/pattern.elf
----------------End of Script----------------

14:28:53 INFO  : Memory regions updated for context APU
14:28:54 INFO  : Context for processor 'ps7_cortexa9_0' is selected.
14:28:54 INFO  : 'con' command is executed.
14:28:54 INFO  : ----------------XSDB Script (After Launch)----------------
targets -set -nocase -filter {name =~ "ARM*#0" && jtag_cable_name =~ "Platform Cable USB II 00001292870001"} -index 0
con
----------------End of Script----------------

14:28:54 INFO  : Launch script is exported to file 'C:\cojt\pattern\cojt_pattern.sdk\.sdk\launch_scripts\xilinx_c-c++_application_(system_debugger)\system_debugger_using_debug_pattern.elf_on_local.tcl'
14:32:52 INFO  : Disconnected from the channel tcfchan#1.
14:36:15 INFO  : Connected to target on host '127.0.0.1' and port '3121'.
14:36:15 INFO  : 'targets -set -filter {jtag_cable_name =~ "Platform Cable USB II 00001292870001" && level==0} -index 1' command is executed.
14:36:27 INFO  : FPGA configured successfully with bitstream "C:/cojt/pattern/cojt_pattern.sdk/design_1_wrapper_hw_platform_0/design_1_wrapper.bit"
14:36:51 INFO  : 'targets -set -filter {jtag_cable_name =~ "Platform Cable USB II 00001292870001" && level==0} -index 1' command is executed.
14:36:51 INFO  : 'fpga -state' command is executed.
14:36:51 INFO  : Connected to target on host '127.0.0.1' and port '3121'.
14:36:52 INFO  : Jtag cable 'Platform Cable USB II 00001292870001' is selected.
14:36:52 INFO  : 'jtag frequency' command is executed.
14:36:52 INFO  : Sourcing of 'C:/cojt/pattern/cojt_pattern.sdk/design_1_wrapper_hw_platform_0/ps7_init.tcl' is done.
14:36:52 INFO  : Context for 'APU' is selected.
14:36:52 INFO  : Hardware design information is loaded from 'C:/cojt/pattern/cojt_pattern.sdk/design_1_wrapper_hw_platform_0/system.hdf'.
14:36:52 INFO  : Context for 'APU' is selected.
14:36:52 INFO  : 'stop' command is executed.
14:36:53 INFO  : 'ps7_init' command is executed.
14:36:53 INFO  : 'ps7_post_config' command is executed.
14:36:53 INFO  : Context for processor 'ps7_cortexa9_0' is selected.
14:36:53 INFO  : Processor reset is completed for 'ps7_cortexa9_0'.
14:36:53 INFO  : Context for processor 'ps7_cortexa9_0' is selected.
14:36:54 INFO  : The application 'C:/cojt/pattern/cojt_pattern.sdk/pattern/Debug/pattern.elf' is downloaded to processor 'ps7_cortexa9_0'.
14:36:54 INFO  : ----------------XSDB Script----------------
connect -url tcp:127.0.0.1:3121
source C:/cojt/pattern/cojt_pattern.sdk/design_1_wrapper_hw_platform_0/ps7_init.tcl
targets -set -nocase -filter {name =~"APU*" && jtag_cable_name =~ "Platform Cable USB II 00001292870001"} -index 0
loadhw C:/cojt/pattern/cojt_pattern.sdk/design_1_wrapper_hw_platform_0/system.hdf
targets -set -nocase -filter {name =~"APU*" && jtag_cable_name =~ "Platform Cable USB II 00001292870001"} -index 0
stop
ps7_init
ps7_post_config
targets -set -nocase -filter {name =~ "ARM*#0" && jtag_cable_name =~ "Platform Cable USB II 00001292870001"} -index 0
rst -processor
targets -set -nocase -filter {name =~ "ARM*#0" && jtag_cable_name =~ "Platform Cable USB II 00001292870001"} -index 0
dow C:/cojt/pattern/cojt_pattern.sdk/pattern/Debug/pattern.elf
----------------End of Script----------------

14:36:54 INFO  : Memory regions updated for context APU
14:36:54 INFO  : Context for processor 'ps7_cortexa9_0' is selected.
14:36:54 INFO  : 'con' command is executed.
14:36:54 INFO  : ----------------XSDB Script (After Launch)----------------
targets -set -nocase -filter {name =~ "ARM*#0" && jtag_cable_name =~ "Platform Cable USB II 00001292870001"} -index 0
con
----------------End of Script----------------

14:36:54 INFO  : Launch script is exported to file 'C:\cojt\pattern\cojt_pattern.sdk\.sdk\launch_scripts\xilinx_c-c++_application_(system_debugger)\system_debugger_using_debug_pattern.elf_on_local.tcl'
14:37:55 INFO  : Disconnected from the channel tcfchan#2.
14:38:24 INFO  : Connected to target on host '127.0.0.1' and port '3121'.
14:38:24 INFO  : 'targets -set -filter {jtag_cable_name =~ "Platform Cable USB II 00001292870001" && level==0} -index 1' command is executed.
14:38:35 INFO  : FPGA configured successfully with bitstream "C:/cojt/pattern/cojt_pattern.sdk/design_1_wrapper_hw_platform_0/design_1_wrapper.bit"
14:38:42 INFO  : 'targets -set -filter {jtag_cable_name =~ "Platform Cable USB II 00001292870001" && level==0} -index 1' command is executed.
14:38:42 INFO  : 'fpga -state' command is executed.
14:38:42 INFO  : Connected to target on host '127.0.0.1' and port '3121'.
14:38:43 INFO  : Jtag cable 'Platform Cable USB II 00001292870001' is selected.
14:38:43 INFO  : 'jtag frequency' command is executed.
14:38:43 INFO  : Sourcing of 'C:/cojt/pattern/cojt_pattern.sdk/design_1_wrapper_hw_platform_0/ps7_init.tcl' is done.
14:38:43 INFO  : Context for 'APU' is selected.
14:38:43 INFO  : Hardware design information is loaded from 'C:/cojt/pattern/cojt_pattern.sdk/design_1_wrapper_hw_platform_0/system.hdf'.
14:38:43 INFO  : Context for 'APU' is selected.
14:38:43 INFO  : 'stop' command is executed.
14:38:44 INFO  : 'ps7_init' command is executed.
14:38:44 INFO  : 'ps7_post_config' command is executed.
14:38:44 INFO  : Context for processor 'ps7_cortexa9_0' is selected.
14:38:44 INFO  : Processor reset is completed for 'ps7_cortexa9_0'.
14:38:44 INFO  : Context for processor 'ps7_cortexa9_0' is selected.
14:38:45 INFO  : The application 'C:/cojt/pattern/cojt_pattern.sdk/pattern/Debug/pattern.elf' is downloaded to processor 'ps7_cortexa9_0'.
14:38:45 INFO  : ----------------XSDB Script----------------
connect -url tcp:127.0.0.1:3121
source C:/cojt/pattern/cojt_pattern.sdk/design_1_wrapper_hw_platform_0/ps7_init.tcl
targets -set -nocase -filter {name =~"APU*" && jtag_cable_name =~ "Platform Cable USB II 00001292870001"} -index 0
loadhw C:/cojt/pattern/cojt_pattern.sdk/design_1_wrapper_hw_platform_0/system.hdf
targets -set -nocase -filter {name =~"APU*" && jtag_cable_name =~ "Platform Cable USB II 00001292870001"} -index 0
stop
ps7_init
ps7_post_config
targets -set -nocase -filter {name =~ "ARM*#0" && jtag_cable_name =~ "Platform Cable USB II 00001292870001"} -index 0
rst -processor
targets -set -nocase -filter {name =~ "ARM*#0" && jtag_cable_name =~ "Platform Cable USB II 00001292870001"} -index 0
dow C:/cojt/pattern/cojt_pattern.sdk/pattern/Debug/pattern.elf
----------------End of Script----------------

14:38:45 INFO  : Memory regions updated for context APU
14:38:45 INFO  : Context for processor 'ps7_cortexa9_0' is selected.
14:38:45 INFO  : 'con' command is executed.
14:38:45 INFO  : ----------------XSDB Script (After Launch)----------------
targets -set -nocase -filter {name =~ "ARM*#0" && jtag_cable_name =~ "Platform Cable USB II 00001292870001"} -index 0
con
----------------End of Script----------------

14:38:45 INFO  : Launch script is exported to file 'C:\cojt\pattern\cojt_pattern.sdk\.sdk\launch_scripts\xilinx_c-c++_application_(system_debugger)\system_debugger_using_debug_pattern.elf_on_local.tcl'
14:43:27 INFO  : Disconnected from the channel tcfchan#3.
14:49:08 INFO  : SDK has detected change in the last modified timestamps for source hardware specification file Source:1527054516864,  Project:1527052541695
14:49:08 INFO  : Project design_1_wrapper_hw_platform_0's source hardware specification located at C:/cojt/pattern/cojt_pattern.sdk/design_1_wrapper.hdf is now different from the local copy.
		 The local copy will be replaced with the source specification and your workspace will be updated.
14:49:14 INFO  : Copied contents of C:/cojt/pattern/cojt_pattern.sdk/design_1_wrapper.hdf into \design_1_wrapper_hw_platform_0\system.hdf.
14:49:14 ERROR : Failed to closehw "C:/cojt/pattern/cojt_pattern.sdk/design_1_wrapper_hw_platform_0/system.hdf"
Reason: Cannot close hw design 'C:/cojt/pattern/cojt_pattern.sdk/design_1_wrapper_hw_platform_0/system.hdf'.
Design is not opened in the current session.

14:49:48 INFO  : Connected to target on host '127.0.0.1' and port '3121'.
14:49:48 INFO  : 'targets -set -filter {jtag_cable_name =~ "Platform Cable USB II 00001292870001" && level==0} -index 1' command is executed.
14:50:00 INFO  : FPGA configured successfully with bitstream "C:/cojt/pattern/cojt_pattern.sdk/design_1_wrapper_hw_platform_0/design_1_wrapper.bit"
14:50:07 INFO  : 'targets -set -filter {jtag_cable_name =~ "Platform Cable USB II 00001292870001" && level==0} -index 1' command is executed.
14:50:07 INFO  : 'fpga -state' command is executed.
14:50:07 INFO  : Connected to target on host '127.0.0.1' and port '3121'.
14:50:08 INFO  : Jtag cable 'Platform Cable USB II 00001292870001' is selected.
14:50:08 INFO  : 'jtag frequency' command is executed.
14:50:08 INFO  : Sourcing of 'C:/cojt/pattern/cojt_pattern.sdk/design_1_wrapper_hw_platform_0/ps7_init.tcl' is done.
14:50:08 INFO  : Context for 'APU' is selected.
14:50:08 INFO  : Hardware design information is loaded from 'C:/cojt/pattern/cojt_pattern.sdk/design_1_wrapper_hw_platform_0/system.hdf'.
14:50:08 INFO  : Context for 'APU' is selected.
14:50:08 INFO  : 'stop' command is executed.
14:50:09 INFO  : 'ps7_init' command is executed.
14:50:09 INFO  : 'ps7_post_config' command is executed.
14:50:09 INFO  : Context for processor 'ps7_cortexa9_0' is selected.
14:50:09 INFO  : Processor reset is completed for 'ps7_cortexa9_0'.
14:50:09 INFO  : Context for processor 'ps7_cortexa9_0' is selected.
14:50:10 INFO  : The application 'C:/cojt/pattern/cojt_pattern.sdk/pattern/Debug/pattern.elf' is downloaded to processor 'ps7_cortexa9_0'.
14:50:10 INFO  : ----------------XSDB Script----------------
connect -url tcp:127.0.0.1:3121
source C:/cojt/pattern/cojt_pattern.sdk/design_1_wrapper_hw_platform_0/ps7_init.tcl
targets -set -nocase -filter {name =~"APU*" && jtag_cable_name =~ "Platform Cable USB II 00001292870001"} -index 0
loadhw C:/cojt/pattern/cojt_pattern.sdk/design_1_wrapper_hw_platform_0/system.hdf
targets -set -nocase -filter {name =~"APU*" && jtag_cable_name =~ "Platform Cable USB II 00001292870001"} -index 0
stop
ps7_init
ps7_post_config
targets -set -nocase -filter {name =~ "ARM*#0" && jtag_cable_name =~ "Platform Cable USB II 00001292870001"} -index 0
rst -processor
targets -set -nocase -filter {name =~ "ARM*#0" && jtag_cable_name =~ "Platform Cable USB II 00001292870001"} -index 0
dow C:/cojt/pattern/cojt_pattern.sdk/pattern/Debug/pattern.elf
----------------End of Script----------------

14:50:10 INFO  : Memory regions updated for context APU
14:50:10 INFO  : Context for processor 'ps7_cortexa9_0' is selected.
14:50:10 INFO  : 'con' command is executed.
14:50:10 INFO  : ----------------XSDB Script (After Launch)----------------
targets -set -nocase -filter {name =~ "ARM*#0" && jtag_cable_name =~ "Platform Cable USB II 00001292870001"} -index 0
con
----------------End of Script----------------

14:50:10 INFO  : Launch script is exported to file 'C:\cojt\pattern\cojt_pattern.sdk\.sdk\launch_scripts\xilinx_c-c++_application_(system_debugger)\system_debugger_using_debug_pattern.elf_on_local.tcl'
14:51:55 INFO  : Disconnected from the channel tcfchan#4.
