Copyright 1986-2016 Xilinx, Inc. All Rights Reserved.
------------------------------------------------------------------------------------
| Tool Version : Vivado v.2016.4 (win64) Build 1756540 Mon Jan 23 19:11:23 MST 2017
| Date         : Fri May 11 17:31:13 2018
| Host         : COJTHW109 running 64-bit Service Pack 1  (build 7601)
| Command      : upgrade_ip
| Device       : xc7z020clg484-1
------------------------------------------------------------------------------------

Upgrade Log for IP 'design_1_myport_v1_0_0_0'

1. Summary
----------

SUCCESS in the update of design_1_myport_v1_0_0_0 (xilinx.com:user:myport_v1_0:1.0 (Rev. 2)) to current project options.






Copyright 1986-2016 Xilinx, Inc. All Rights Reserved.
------------------------------------------------------------------------------------
| Tool Version : Vivado v.2016.4 (win64) Build 1756540 Mon Jan 23 19:11:23 MST 2017
| Date         : Fri May 11 17:22:02 2018
| Host         : COJTHW109 running 64-bit Service Pack 1  (build 7601)
| Command      : upgrade_ip
| Device       : xc7z020clg484-1
------------------------------------------------------------------------------------

Upgrade Log for IP 'design_1_myport_v1_0_0_0'

1. Summary
----------

SUCCESS in the update of design_1_myport_v1_0_0_0 (xilinx.com:user:myport_v1_0:1.0 (Rev. 2)) to current project options.






Copyright 1986-2016 Xilinx, Inc. All Rights Reserved.
------------------------------------------------------------------------------------
| Tool Version : Vivado v.2016.4 (win64) Build 1756540 Mon Jan 23 19:11:23 MST 2017
| Date         : Fri May 11 17:10:35 2018
| Host         : COJTHW109 running 64-bit Service Pack 1  (build 7601)
| Command      : upgrade_ip
| Device       : xc7z020clg484-1
------------------------------------------------------------------------------------

Upgrade Log for IP 'design_1_myport_v1_0_0_0'

1. Summary
----------

SUCCESS in the update of design_1_myport_v1_0_0_0 (xilinx.com:user:myport_v1_0:1.0 (Rev. 2)) to current project options.

