
*** Running vivado
    with args -log design_1_wrapper.vdi -applog -m64 -product Vivado -messageDb vivado.pb -mode batch -source design_1_wrapper.tcl -notrace


****** Vivado v2016.4 (64-bit)
  **** SW Build 1756540 on Mon Jan 23 19:11:23 MST 2017
  **** IP Build 1755317 on Mon Jan 23 20:30:07 MST 2017
    ** Copyright 1986-2016 Xilinx, Inc. All Rights Reserved.

source design_1_wrapper.tcl -notrace
Design is defaulting to srcset: sources_1
Design is defaulting to constrset: constrs_1
INFO: [Project 1-454] Reading design checkpoint 'c:/cojt/blink/cojt_blink.srcs/sources_1/bd/design_1/ip/design_1_myport_v1_0_0_0/design_1_myport_v1_0_0_0.dcp' for cell 'design_1_i/myport_v1_0_0'
INFO: [Project 1-454] Reading design checkpoint 'c:/cojt/blink/cojt_blink.srcs/sources_1/bd/design_1/ip/design_1_processing_system7_0_0/design_1_processing_system7_0_0.dcp' for cell 'design_1_i/processing_system7_0'
INFO: [Project 1-454] Reading design checkpoint 'c:/cojt/blink/cojt_blink.srcs/sources_1/bd/design_1/ip/design_1_rst_ps7_0_50M_0/design_1_rst_ps7_0_50M_0.dcp' for cell 'design_1_i/rst_ps7_0_50M'
INFO: [Project 1-454] Reading design checkpoint 'c:/cojt/blink/cojt_blink.srcs/sources_1/bd/design_1/ip/design_1_auto_pc_0/design_1_auto_pc_0.dcp' for cell 'design_1_i/ps7_0_axi_periph/s00_couplers/auto_pc'
INFO: [Netlist 29-17] Analyzing 18 Unisim elements for replacement
INFO: [Netlist 29-28] Unisim Transformation completed in 0 CPU seconds
INFO: [Project 1-479] Netlist was created with Vivado 2016.4
INFO: [Device 21-403] Loading part xc7z020clg484-1
INFO: [Project 1-570] Preparing netlist for logic optimization
Parsing XDC File [c:/cojt/blink/cojt_blink.srcs/sources_1/bd/design_1/ip/design_1_processing_system7_0_0/design_1_processing_system7_0_0.xdc] for cell 'design_1_i/processing_system7_0/inst'
Finished Parsing XDC File [c:/cojt/blink/cojt_blink.srcs/sources_1/bd/design_1/ip/design_1_processing_system7_0_0/design_1_processing_system7_0_0.xdc] for cell 'design_1_i/processing_system7_0/inst'
Parsing XDC File [c:/cojt/blink/cojt_blink.srcs/sources_1/bd/design_1/ip/design_1_rst_ps7_0_50M_0/design_1_rst_ps7_0_50M_0_board.xdc] for cell 'design_1_i/rst_ps7_0_50M/U0'
Finished Parsing XDC File [c:/cojt/blink/cojt_blink.srcs/sources_1/bd/design_1/ip/design_1_rst_ps7_0_50M_0/design_1_rst_ps7_0_50M_0_board.xdc] for cell 'design_1_i/rst_ps7_0_50M/U0'
Parsing XDC File [c:/cojt/blink/cojt_blink.srcs/sources_1/bd/design_1/ip/design_1_rst_ps7_0_50M_0/design_1_rst_ps7_0_50M_0.xdc] for cell 'design_1_i/rst_ps7_0_50M/U0'
Finished Parsing XDC File [c:/cojt/blink/cojt_blink.srcs/sources_1/bd/design_1/ip/design_1_rst_ps7_0_50M_0/design_1_rst_ps7_0_50M_0.xdc] for cell 'design_1_i/rst_ps7_0_50M/U0'
Parsing XDC File [C:/cojt/blink/cojt_blink.xdc]
Finished Parsing XDC File [C:/cojt/blink/cojt_blink.xdc]
INFO: [Project 1-538] Using original IP XDC constraints instead of the XDC constraints in dcp 'c:/cojt/blink/cojt_blink.srcs/sources_1/bd/design_1/ip/design_1_processing_system7_0_0/design_1_processing_system7_0_0.dcp'
INFO: [Project 1-538] Using original IP XDC constraints instead of the XDC constraints in dcp 'c:/cojt/blink/cojt_blink.srcs/sources_1/bd/design_1/ip/design_1_rst_ps7_0_50M_0/design_1_rst_ps7_0_50M_0.dcp'
INFO: [Project 1-538] Using original IP XDC constraints instead of the XDC constraints in dcp 'c:/cojt/blink/cojt_blink.srcs/sources_1/bd/design_1/ip/design_1_auto_pc_0/design_1_auto_pc_0.dcp'
INFO: [Opt 31-138] Pushed 0 inverter(s) to 0 load pin(s).
INFO: [Project 1-111] Unisim Transformation Summary:
No Unisim elements were transformed.

link_design: Time (s): cpu = 00:00:07 ; elapsed = 00:00:09 . Memory (MB): peak = 526.688 ; gain = 298.691
Command: opt_design
Attempting to get a license for feature 'Implementation' and/or device 'xc7z020'
INFO: [Common 17-349] Got license for feature 'Implementation' and/or device 'xc7z020'
Running DRC as a precondition to command opt_design

Starting DRC Task
INFO: [DRC 23-27] Running DRC with 2 threads
INFO: [Project 1-461] DRC finished with 0 Errors
INFO: [Project 1-462] Please refer to the DRC report (report_drc) for more information.

Time (s): cpu = 00:00:01 ; elapsed = 00:00:00.499 . Memory (MB): peak = 537.461 ; gain = 10.773
INFO: [Timing 38-35] Done setting XDC timing constraints.

Starting Logic Optimization Task
Implement Debug Cores | Checksum: 1c3b8b6b3

Phase 1 Retarget
INFO: [Opt 31-138] Pushed 0 inverter(s) to 0 load pin(s).
INFO: [Opt 31-49] Retargeted 0 cell(s).
Phase 1 Retarget | Checksum: 1e7644ffc

Time (s): cpu = 00:00:00 ; elapsed = 00:00:00.141 . Memory (MB): peak = 1015.453 ; gain = 0.000

Phase 2 Constant propagation
INFO: [Opt 31-138] Pushed 0 inverter(s) to 0 load pin(s).
INFO: [Opt 31-10] Eliminated 12 cells.
Phase 2 Constant propagation | Checksum: 1c067306e

Time (s): cpu = 00:00:00 ; elapsed = 00:00:00.312 . Memory (MB): peak = 1015.453 ; gain = 0.000

Phase 3 Sweep
INFO: [Opt 31-12] Eliminated 291 unconnected nets.
INFO: [Opt 31-11] Eliminated 395 unconnected cells.
Phase 3 Sweep | Checksum: 1a686d229

Time (s): cpu = 00:00:01 ; elapsed = 00:00:00.843 . Memory (MB): peak = 1015.453 ; gain = 0.000

Phase 4 BUFG optimization
INFO: [Opt 31-12] Eliminated 0 unconnected nets.
INFO: [Opt 31-11] Eliminated 0 unconnected cells.
Phase 4 BUFG optimization | Checksum: 1c1e00df2

Time (s): cpu = 00:00:01 ; elapsed = 00:00:01 . Memory (MB): peak = 1015.453 ; gain = 0.000

Starting Connectivity Check Task

Time (s): cpu = 00:00:00 ; elapsed = 00:00:00 . Memory (MB): peak = 1015.453 ; gain = 0.000
Ending Logic Optimization Task | Checksum: 1c1e00df2

Time (s): cpu = 00:00:01 ; elapsed = 00:00:01 . Memory (MB): peak = 1015.453 ; gain = 0.000

Starting Power Optimization Task
INFO: [Pwropt 34-132] Skipping clock gating for clocks with a period < 2.00 ns.
Ending Power Optimization Task | Checksum: 1c1e00df2

Time (s): cpu = 00:00:00 ; elapsed = 00:00:00.016 . Memory (MB): peak = 1015.453 ; gain = 0.000
INFO: [Common 17-83] Releasing license: Implementation
29 Infos, 0 Warnings, 0 Critical Warnings and 0 Errors encountered.
opt_design completed successfully
opt_design: Time (s): cpu = 00:00:13 ; elapsed = 00:00:13 . Memory (MB): peak = 1015.453 ; gain = 488.766
Writing placer database...
Writing XDEF routing.
Writing XDEF routing logical nets.
Writing XDEF routing special nets.
Write XDEF Complete: Time (s): cpu = 00:00:01 ; elapsed = 00:00:00.093 . Memory (MB): peak = 1015.453 ; gain = 0.000
INFO: [Common 17-1381] The checkpoint 'C:/cojt/blink/cojt_blink.runs/impl_1/design_1_wrapper_opt.dcp' has been generated.
INFO: [DRC 23-27] Running DRC with 2 threads
INFO: [Coretcl 2-168] The results of DRC are in file C:/cojt/blink/cojt_blink.runs/impl_1/design_1_wrapper_drc_opted.rpt.
INFO: [Chipscope 16-241] No debug cores found in the current design.
Before running the implement_debug_core command, either use the Set Up Debug wizard (GUI mode)
or use the create_debug_core and connect_debug_core Tcl commands to insert debug cores into the design.
Command: place_design
Attempting to get a license for feature 'Implementation' and/or device 'xc7z020'
INFO: [Common 17-349] Got license for feature 'Implementation' and/or device 'xc7z020'
INFO: [DRC 23-27] Running DRC with 2 threads
INFO: [Vivado_Tcl 4-198] DRC finished with 0 Errors
INFO: [Vivado_Tcl 4-199] Please refer to the DRC report (report_drc) for more information.
Running DRC as a precondition to command place_design
INFO: [DRC 23-27] Running DRC with 2 threads
INFO: [Vivado_Tcl 4-198] DRC finished with 0 Errors
INFO: [Vivado_Tcl 4-199] Please refer to the DRC report (report_drc) for more information.

Starting Placer Task
INFO: [Place 30-611] Multithreading enabled for place_design using a maximum of 2 CPUs

Phase 1 Placer Initialization
Netlist sorting complete. Time (s): cpu = 00:00:00 ; elapsed = 00:00:00 . Memory (MB): peak = 1015.453 ; gain = 0.000
Netlist sorting complete. Time (s): cpu = 00:00:00 ; elapsed = 00:00:00 . Memory (MB): peak = 1015.453 ; gain = 0.000

Phase 1.1 IO Placement/ Clock Placement/ Build Placer Device
INFO: [Timing 38-35] Done setting XDC timing constraints.
Phase 1.1 IO Placement/ Clock Placement/ Build Placer Device | Checksum: d67f08f5

Time (s): cpu = 00:00:02 ; elapsed = 00:00:02 . Memory (MB): peak = 1037.129 ; gain = 21.676

Phase 1.2 Build Placer Netlist Model
Phase 1.2 Build Placer Netlist Model | Checksum: 23effd2ee

Time (s): cpu = 00:00:02 ; elapsed = 00:00:02 . Memory (MB): peak = 1037.129 ; gain = 21.676

Phase 1.3 Constrain Clocks/Macros
Phase 1.3 Constrain Clocks/Macros | Checksum: 23effd2ee

Time (s): cpu = 00:00:02 ; elapsed = 00:00:02 . Memory (MB): peak = 1037.129 ; gain = 21.676
Phase 1 Placer Initialization | Checksum: 23effd2ee

Time (s): cpu = 00:00:02 ; elapsed = 00:00:02 . Memory (MB): peak = 1037.129 ; gain = 21.676

Phase 2 Global Placement
Phase 2 Global Placement | Checksum: 172975156

Time (s): cpu = 00:00:04 ; elapsed = 00:00:03 . Memory (MB): peak = 1037.129 ; gain = 21.676

Phase 3 Detail Placement

Phase 3.1 Commit Multi Column Macros
Phase 3.1 Commit Multi Column Macros | Checksum: 172975156

Time (s): cpu = 00:00:04 ; elapsed = 00:00:03 . Memory (MB): peak = 1037.129 ; gain = 21.676

Phase 3.2 Commit Most Macros & LUTRAMs
Phase 3.2 Commit Most Macros & LUTRAMs | Checksum: 1084b6f51

Time (s): cpu = 00:00:04 ; elapsed = 00:00:03 . Memory (MB): peak = 1037.129 ; gain = 21.676

Phase 3.3 Area Swap Optimization
Phase 3.3 Area Swap Optimization | Checksum: 177363e42

Time (s): cpu = 00:00:04 ; elapsed = 00:00:03 . Memory (MB): peak = 1037.129 ; gain = 21.676

Phase 3.4 Pipeline Register Optimization
Phase 3.4 Pipeline Register Optimization | Checksum: 177363e42

Time (s): cpu = 00:00:04 ; elapsed = 00:00:03 . Memory (MB): peak = 1037.129 ; gain = 21.676

Phase 3.5 Timing Path Optimizer
Phase 3.5 Timing Path Optimizer | Checksum: 8e734f00

Time (s): cpu = 00:00:04 ; elapsed = 00:00:03 . Memory (MB): peak = 1037.129 ; gain = 21.676

Phase 3.6 Small Shape Detail Placement
Phase 3.6 Small Shape Detail Placement | Checksum: 1ca48decd

Time (s): cpu = 00:00:05 ; elapsed = 00:00:04 . Memory (MB): peak = 1037.129 ; gain = 21.676

Phase 3.7 Re-assign LUT pins
Phase 3.7 Re-assign LUT pins | Checksum: 2092f6b67

Time (s): cpu = 00:00:05 ; elapsed = 00:00:04 . Memory (MB): peak = 1037.129 ; gain = 21.676

Phase 3.8 Pipeline Register Optimization
Phase 3.8 Pipeline Register Optimization | Checksum: 2092f6b67

Time (s): cpu = 00:00:05 ; elapsed = 00:00:04 . Memory (MB): peak = 1037.129 ; gain = 21.676
Phase 3 Detail Placement | Checksum: 2092f6b67

Time (s): cpu = 00:00:05 ; elapsed = 00:00:04 . Memory (MB): peak = 1037.129 ; gain = 21.676

Phase 4 Post Placement Optimization and Clean-Up

Phase 4.1 Post Commit Optimization
INFO: [Timing 38-35] Done setting XDC timing constraints.

Phase 4.1.1 Post Placement Optimization
INFO: [Place 30-746] Post Placement Timing Summary WNS=13.717. For the most accurate timing information please run report_timing.
Phase 4.1.1 Post Placement Optimization | Checksum: 1c61455f6

Time (s): cpu = 00:00:05 ; elapsed = 00:00:04 . Memory (MB): peak = 1037.129 ; gain = 21.676
Phase 4.1 Post Commit Optimization | Checksum: 1c61455f6

Time (s): cpu = 00:00:05 ; elapsed = 00:00:04 . Memory (MB): peak = 1037.129 ; gain = 21.676

Phase 4.2 Post Placement Cleanup
Phase 4.2 Post Placement Cleanup | Checksum: 1c61455f6

Time (s): cpu = 00:00:05 ; elapsed = 00:00:04 . Memory (MB): peak = 1037.129 ; gain = 21.676

Phase 4.3 Placer Reporting
Phase 4.3 Placer Reporting | Checksum: 1c61455f6

Time (s): cpu = 00:00:05 ; elapsed = 00:00:04 . Memory (MB): peak = 1037.129 ; gain = 21.676

Phase 4.4 Final Placement Cleanup
Phase 4.4 Final Placement Cleanup | Checksum: 16f983a7b

Time (s): cpu = 00:00:05 ; elapsed = 00:00:04 . Memory (MB): peak = 1037.129 ; gain = 21.676
Phase 4 Post Placement Optimization and Clean-Up | Checksum: 16f983a7b

Time (s): cpu = 00:00:05 ; elapsed = 00:00:04 . Memory (MB): peak = 1037.129 ; gain = 21.676
Ending Placer Task | Checksum: 12412cb66

Time (s): cpu = 00:00:05 ; elapsed = 00:00:04 . Memory (MB): peak = 1037.129 ; gain = 21.676
INFO: [Common 17-83] Releasing license: Implementation
45 Infos, 0 Warnings, 0 Critical Warnings and 0 Errors encountered.
place_design completed successfully
place_design: Time (s): cpu = 00:00:07 ; elapsed = 00:00:05 . Memory (MB): peak = 1037.129 ; gain = 21.676
Writing placer database...
Writing XDEF routing.
Writing XDEF routing logical nets.
Writing XDEF routing special nets.
Write XDEF Complete: Time (s): cpu = 00:00:01 ; elapsed = 00:00:00.156 . Memory (MB): peak = 1037.129 ; gain = 0.000
INFO: [Common 17-1381] The checkpoint 'C:/cojt/blink/cojt_blink.runs/impl_1/design_1_wrapper_placed.dcp' has been generated.
report_io: Time (s): cpu = 00:00:00 ; elapsed = 00:00:00.062 . Memory (MB): peak = 1037.129 ; gain = 0.000
report_utilization: Time (s): cpu = 00:00:00 ; elapsed = 00:00:00.047 . Memory (MB): peak = 1037.129 ; gain = 0.000
report_control_sets: Time (s): cpu = 00:00:00 ; elapsed = 00:00:00 . Memory (MB): peak = 1037.129 ; gain = 0.000
Command: route_design
Attempting to get a license for feature 'Implementation' and/or device 'xc7z020'
INFO: [Common 17-349] Got license for feature 'Implementation' and/or device 'xc7z020'
Running DRC as a precondition to command route_design
INFO: [DRC 23-27] Running DRC with 2 threads
INFO: [Vivado_Tcl 4-198] DRC finished with 0 Errors
INFO: [Vivado_Tcl 4-199] Please refer to the DRC report (report_drc) for more information.


Starting Routing Task
INFO: [Route 35-254] Multithreading enabled for route_design using a maximum of 2 CPUs
Checksum: PlaceDB: dcdec653 ConstDB: 0 ShapeSum: 47340513 RouteDB: 0

Phase 1 Build RT Design
Phase 1 Build RT Design | Checksum: fd243e4c

Time (s): cpu = 00:00:25 ; elapsed = 00:00:22 . Memory (MB): peak = 1178.805 ; gain = 141.676

Phase 2 Router Initialization

Phase 2.1 Create Timer
Phase 2.1 Create Timer | Checksum: fd243e4c

Time (s): cpu = 00:00:25 ; elapsed = 00:00:22 . Memory (MB): peak = 1178.805 ; gain = 141.676

Phase 2.2 Fix Topology Constraints
Phase 2.2 Fix Topology Constraints | Checksum: fd243e4c

Time (s): cpu = 00:00:25 ; elapsed = 00:00:22 . Memory (MB): peak = 1178.805 ; gain = 141.676

Phase 2.3 Pre Route Cleanup
Phase 2.3 Pre Route Cleanup | Checksum: fd243e4c

Time (s): cpu = 00:00:25 ; elapsed = 00:00:22 . Memory (MB): peak = 1178.805 ; gain = 141.676
 Number of Nodes with overlaps = 0

Phase 2.4 Update Timing
Phase 2.4 Update Timing | Checksum: 22c84bcaf

Time (s): cpu = 00:00:26 ; elapsed = 00:00:23 . Memory (MB): peak = 1191.133 ; gain = 154.004
INFO: [Route 35-416] Intermediate Timing Summary | WNS=13.631 | TNS=0.000  | WHS=-0.175 | THS=-14.361|

Phase 2 Router Initialization | Checksum: 210f4a55a

Time (s): cpu = 00:00:26 ; elapsed = 00:00:23 . Memory (MB): peak = 1191.133 ; gain = 154.004

Phase 3 Initial Routing
Phase 3 Initial Routing | Checksum: e70ab095

Time (s): cpu = 00:00:27 ; elapsed = 00:00:23 . Memory (MB): peak = 1191.133 ; gain = 154.004

Phase 4 Rip-up And Reroute

Phase 4.1 Global Iteration 0
 Number of Nodes with overlaps = 77
 Number of Nodes with overlaps = 0

Phase 4.1.1 Update Timing
Phase 4.1.1 Update Timing | Checksum: 265e02e4b

Time (s): cpu = 00:00:27 ; elapsed = 00:00:23 . Memory (MB): peak = 1191.133 ; gain = 154.004
INFO: [Route 35-416] Intermediate Timing Summary | WNS=12.619 | TNS=0.000  | WHS=N/A    | THS=N/A    |

Phase 4.1 Global Iteration 0 | Checksum: 1f5c23463

Time (s): cpu = 00:00:27 ; elapsed = 00:00:23 . Memory (MB): peak = 1191.133 ; gain = 154.004

Phase 4.2 Global Iteration 1
 Number of Nodes with overlaps = 4
 Number of Nodes with overlaps = 0

Phase 4.2.1 Update Timing
Phase 4.2.1 Update Timing | Checksum: 228696f12

Time (s): cpu = 00:00:27 ; elapsed = 00:00:23 . Memory (MB): peak = 1191.133 ; gain = 154.004
INFO: [Route 35-416] Intermediate Timing Summary | WNS=12.619 | TNS=0.000  | WHS=N/A    | THS=N/A    |

Phase 4.2 Global Iteration 1 | Checksum: 117085e73

Time (s): cpu = 00:00:27 ; elapsed = 00:00:23 . Memory (MB): peak = 1191.133 ; gain = 154.004
Phase 4 Rip-up And Reroute | Checksum: 117085e73

Time (s): cpu = 00:00:27 ; elapsed = 00:00:23 . Memory (MB): peak = 1191.133 ; gain = 154.004

Phase 5 Delay and Skew Optimization

Phase 5.1 Delay CleanUp

Phase 5.1.1 Update Timing
Phase 5.1.1 Update Timing | Checksum: f676165f

Time (s): cpu = 00:00:27 ; elapsed = 00:00:23 . Memory (MB): peak = 1191.133 ; gain = 154.004
INFO: [Route 35-416] Intermediate Timing Summary | WNS=12.734 | TNS=0.000  | WHS=N/A    | THS=N/A    |

Phase 5.1 Delay CleanUp | Checksum: f676165f

Time (s): cpu = 00:00:27 ; elapsed = 00:00:23 . Memory (MB): peak = 1191.133 ; gain = 154.004

Phase 5.2 Clock Skew Optimization
Phase 5.2 Clock Skew Optimization | Checksum: f676165f

Time (s): cpu = 00:00:27 ; elapsed = 00:00:23 . Memory (MB): peak = 1191.133 ; gain = 154.004
Phase 5 Delay and Skew Optimization | Checksum: f676165f

Time (s): cpu = 00:00:27 ; elapsed = 00:00:23 . Memory (MB): peak = 1191.133 ; gain = 154.004

Phase 6 Post Hold Fix

Phase 6.1 Hold Fix Iter

Phase 6.1.1 Update Timing
Phase 6.1.1 Update Timing | Checksum: 14b86847a

Time (s): cpu = 00:00:27 ; elapsed = 00:00:23 . Memory (MB): peak = 1191.133 ; gain = 154.004
INFO: [Route 35-416] Intermediate Timing Summary | WNS=12.734 | TNS=0.000  | WHS=0.061  | THS=0.000  |

Phase 6.1 Hold Fix Iter | Checksum: a68f6830

Time (s): cpu = 00:00:27 ; elapsed = 00:00:23 . Memory (MB): peak = 1191.133 ; gain = 154.004
Phase 6 Post Hold Fix | Checksum: a68f6830

Time (s): cpu = 00:00:27 ; elapsed = 00:00:23 . Memory (MB): peak = 1191.133 ; gain = 154.004

Phase 7 Route finalize

Router Utilization Summary
  Global Vertical Routing Utilization    = 0.144196 %
  Global Horizontal Routing Utilization  = 0.184584 %
  Routable Net Status*
  *Does not include unroutable nets such as driverless and loadless.
  Run report_route_status for detailed report.
  Number of Failed Nets               = 0
  Number of Unrouted Nets             = 0
  Number of Partially Routed Nets     = 0
  Number of Node Overlaps             = 0

Phase 7 Route finalize | Checksum: 12848a1e5

Time (s): cpu = 00:00:27 ; elapsed = 00:00:23 . Memory (MB): peak = 1191.133 ; gain = 154.004

Phase 8 Verifying routed nets

 Verification completed successfully
Phase 8 Verifying routed nets | Checksum: 12848a1e5

Time (s): cpu = 00:00:27 ; elapsed = 00:00:23 . Memory (MB): peak = 1191.133 ; gain = 154.004

Phase 9 Depositing Routes
Phase 9 Depositing Routes | Checksum: 1b1010f4a

Time (s): cpu = 00:00:27 ; elapsed = 00:00:23 . Memory (MB): peak = 1191.133 ; gain = 154.004

Phase 10 Post Router Timing
INFO: [Route 35-57] Estimated Timing Summary | WNS=12.734 | TNS=0.000  | WHS=0.061  | THS=0.000  |

INFO: [Route 35-327] The final timing numbers are based on the router estimated timing analysis. For a complete and accurate timing signoff, please run report_timing_summary.
Phase 10 Post Router Timing | Checksum: 1b1010f4a

Time (s): cpu = 00:00:27 ; elapsed = 00:00:23 . Memory (MB): peak = 1191.133 ; gain = 154.004
INFO: [Route 35-16] Router Completed Successfully

Time (s): cpu = 00:00:27 ; elapsed = 00:00:23 . Memory (MB): peak = 1191.133 ; gain = 154.004

Routing Is Done.
INFO: [Common 17-83] Releasing license: Implementation
60 Infos, 0 Warnings, 0 Critical Warnings and 0 Errors encountered.
route_design completed successfully
route_design: Time (s): cpu = 00:00:29 ; elapsed = 00:00:25 . Memory (MB): peak = 1191.133 ; gain = 154.004
Writing placer database...
Writing XDEF routing.
Writing XDEF routing logical nets.
Writing XDEF routing special nets.
Write XDEF Complete: Time (s): cpu = 00:00:01 ; elapsed = 00:00:00.202 . Memory (MB): peak = 1191.133 ; gain = 0.000
INFO: [Common 17-1381] The checkpoint 'C:/cojt/blink/cojt_blink.runs/impl_1/design_1_wrapper_routed.dcp' has been generated.
INFO: [DRC 23-27] Running DRC with 2 threads
INFO: [Coretcl 2-168] The results of DRC are in file C:/cojt/blink/cojt_blink.runs/impl_1/design_1_wrapper_drc_routed.rpt.
INFO: [Timing 38-35] Done setting XDC timing constraints.
INFO: [DRC 23-133] Running Methodology with 2 threads
INFO: [Coretcl 2-1520] The results of Report Methodology are in file C:/cojt/blink/cojt_blink.runs/impl_1/design_1_wrapper_methodology_drc_routed.rpt.
INFO: [Timing 38-35] Done setting XDC timing constraints.
INFO: [Timing 38-91] UpdateTimingParams: Speed grade: -1, Delay Type: min_max.
INFO: [Timing 38-191] Multithreading enabled for timing update using a maximum of 2 CPUs
INFO: [Timing 38-35] Done setting XDC timing constraints.
Command: report_power -file design_1_wrapper_power_routed.rpt -pb design_1_wrapper_power_summary_routed.pb -rpx design_1_wrapper_power_routed.rpx
Running Vector-less Activity Propagation...

Finished Running Vector-less Activity Propagation
70 Infos, 0 Warnings, 0 Critical Warnings and 0 Errors encountered.
report_power completed successfully
Command: write_bitstream -force -no_partial_bitfile design_1_wrapper.bit
Attempting to get a license for feature 'Implementation' and/or device 'xc7z020'
INFO: [Common 17-349] Got license for feature 'Implementation' and/or device 'xc7z020'
Running DRC as a precondition to command write_bitstream
INFO: [DRC 23-27] Running DRC with 2 threads
INFO: [Vivado 12-3199] DRC finished with 0 Errors
INFO: [Vivado 12-3200] Please refer to the DRC report (report_drc) for more information.
Loading data files...
Loading site data...
Loading route data...
Processing options...
Creating bitmap...
Creating bitstream...
Writing bitstream ./design_1_wrapper.bit...
INFO: [Vivado 12-1842] Bitgen Completed Successfully.
INFO: [Common 17-83] Releasing license: Implementation
76 Infos, 0 Warnings, 0 Critical Warnings and 0 Errors encountered.
write_bitstream completed successfully
write_bitstream: Time (s): cpu = 00:00:18 ; elapsed = 00:00:17 . Memory (MB): peak = 1563.105 ; gain = 356.566
INFO: [Common 17-206] Exiting Vivado at Fri May 11 17:34:12 2018...
